This file contains any messages produced by compilers while
running configure, to aid debugging if configure makes a mistake.

It was created by nutcracker configure 0.4.1, which was
generated by GNU Autoconf 2.69.  Invocation command line was

  $ ./configure 

## --------- ##
## Platform. ##
## --------- ##

hostname = localhost.localdomain
uname -m = x86_64
uname -r = 3.10.0-327.22.2.el7.x86_64
uname -s = Linux
uname -v = #1 SMP Thu Jun 23 17:05:11 UTC 2016

/usr/bin/uname -p = x86_64
/bin/uname -X     = unknown

/bin/arch              = x86_64
/usr/bin/arch -k       = unknown
/usr/convex/getsysinfo = unknown
/usr/bin/hostinfo      = unknown
/bin/machine           = unknown
/usr/bin/oslevel       = unknown
/bin/universe          = unknown

PATH: /home/work/odp/php/bin
PATH: /home/work/local/jdk/bin
PATH: /home/work/soft/redis-2.8.19/src/
PATH: /home/work/liuyanlei/mysql-5.5.37/bin
PATH: /home/work/local/ffmpeg_tools/bin
PATH: /home/work/local/bin
PATH: /home/work/local/gstreamer-0.10.35/bin
PATH: /home/work/local/orc-0.4.14/bin
PATH: /home/work/local/python-2.7.8/bin
PATH: /home/work/local/ffmpeg-0.8.5/bin
PATH: /home/work/local/lame-3.99/bin
PATH: /home/work/local/flac-1.2.1/bin
PATH: /home/work/local/eyeD3-0.6.17/bin
PATH: /home/work/local/rebar
PATH: /home/work/local/erlang18/bin
PATH: /home/work/baike/athena/deps/piqi/piqic-erlang/
PATH: /home/work/baike/athena/deps/piqi/priv/piqi-binary/Linux-x86_64/
PATH: /home/work/local/python-2.7.8/bin
PATH: /usr/kerberos/sbin
PATH: /usr/kerberos/bin
PATH: /usr/local/sbin
PATH: /usr/local/bin
PATH: /sbin
PATH: /bin
PATH: /usr/sbin
PATH: /usr/bin
PATH: /usr/local/mysql/bin
PATH: /sbin
PATH: /bin
PATH: /usr/sbin
PATH: /usr/bin
PATH: /home/zhangpeng/go/bin
PATH: /usr/local/bin
PATH: /usr/bin
PATH: /usr/local/sbin
PATH: /usr/sbin
PATH: /home/work/.local/bin
PATH: /home/work/bin
PATH: /home/work/local/jdk/bin


## ----------- ##
## Core tests. ##
## ----------- ##

configure:2593: checking for a BSD-compatible install
configure:2661: result: /bin/install -c
configure:2672: checking whether build environment is sane
configure:2727: result: yes
configure:2878: checking for a thread-safe mkdir -p
configure:2917: result: /bin/mkdir -p
configure:2924: checking for gawk
configure:2940: found /bin/gawk
configure:2951: result: gawk
configure:2962: checking whether make sets $(MAKE)
configure:2984: result: yes
configure:3013: checking whether make supports nested variables
configure:3030: result: yes
configure:3142: checking for gawk
configure:3169: result: gawk
configure:3228: checking for gcc
configure:3244: found /bin/gcc
configure:3255: result: gcc
configure:3484: checking for C compiler version
configure:3493: gcc --version >&5
gcc (GCC) 4.8.5 20150623 (Red Hat 4.8.5-11)
Copyright (C) 2015 Free Software Foundation, Inc.
This is free software; see the source for copying conditions.  There is NO
warranty; not even for MERCHANTABILITY or FITNESS FOR A PARTICULAR PURPOSE.

configure:3504: $? = 0
configure:3493: gcc -v >&5
Using built-in specs.
COLLECT_GCC=gcc
COLLECT_LTO_WRAPPER=/usr/libexec/gcc/x86_64-redhat-linux/4.8.5/lto-wrapper
Target: x86_64-redhat-linux
Configured with: ../configure --prefix=/usr --mandir=/usr/share/man --infodir=/usr/share/info --with-bugurl=http://bugzilla.redhat.com/bugzilla --enable-bootstrap --enable-shared --enable-threads=posix --enable-checking=release --with-system-zlib --enable-__cxa_atexit --disable-libunwind-exceptions --enable-gnu-unique-object --enable-linker-build-id --with-linker-hash-style=gnu --enable-languages=c,c++,objc,obj-c++,java,fortran,ada,go,lto --enable-plugin --enable-initfini-array --disable-libgcj --with-isl=/builddir/build/BUILD/gcc-4.8.5-20150702/obj-x86_64-redhat-linux/isl-install --with-cloog=/builddir/build/BUILD/gcc-4.8.5-20150702/obj-x86_64-redhat-linux/cloog-install --enable-gnu-indirect-function --with-tune=generic --with-arch_32=x86-64 --build=x86_64-redhat-linux
Thread model: posix
gcc version 4.8.5 20150623 (Red Hat 4.8.5-11) (GCC) 
configure:3504: $? = 0
configure:3493: gcc -V >&5
gcc: error: unrecognized command line option '-V'
gcc: fatal error: no input files
compilation terminated.
configure:3504: $? = 4
configure:3493: gcc -qversion >&5
gcc: error: unrecognized command line option '-qversion'
gcc: fatal error: no input files
compilation terminated.
configure:3504: $? = 4
configure:3524: checking whether the C compiler works
configure:3546: gcc    conftest.c  >&5
configure:3550: $? = 0
configure:3598: result: yes
configure:3601: checking for C compiler default output file name
configure:3603: result: a.out
configure:3609: checking for suffix of executables
configure:3616: gcc -o conftest    conftest.c  >&5
configure:3620: $? = 0
configure:3642: result: 
configure:3664: checking whether we are cross compiling
configure:3672: gcc -o conftest    conftest.c  >&5
configure:3676: $? = 0
configure:3683: ./conftest
configure:3687: $? = 0
configure:3702: result: no
configure:3707: checking for suffix of object files
configure:3729: gcc -c   conftest.c >&5
configure:3733: $? = 0
configure:3754: result: o
configure:3758: checking whether we are using the GNU C compiler
configure:3777: gcc -c   conftest.c >&5
configure:3777: $? = 0
configure:3786: result: yes
configure:3795: checking whether gcc accepts -g
configure:3815: gcc -c -g  conftest.c >&5
configure:3815: $? = 0
configure:3856: result: yes
configure:3873: checking for gcc option to accept ISO C89
configure:3936: gcc  -c -g -O2  conftest.c >&5
configure:3936: $? = 0
configure:3949: result: none needed
configure:3980: checking for style of include used by make
configure:4008: result: GNU
configure:4034: checking dependency style of gcc
configure:4145: result: gcc3
configure:4165: checking how to run the C preprocessor
configure:4196: gcc -E  conftest.c
configure:4196: $? = 0
configure:4210: gcc -E  conftest.c
conftest.c:15:28: fatal error: ac_nonexistent.h: No such file or directory
 #include <ac_nonexistent.h>
                            ^
compilation terminated.
configure:4210: $? = 1
configure: failed program was:
| /* confdefs.h */
| #define PACKAGE_NAME "nutcracker"
| #define PACKAGE_TARNAME "nutcracker"
| #define PACKAGE_VERSION "0.4.1"
| #define PACKAGE_STRING "nutcracker 0.4.1"
| #define PACKAGE_BUGREPORT "manj@cs.stanford.edu"
| #define PACKAGE_URL ""
| #define PACKAGE "nutcracker"
| #define VERSION "0.4.1"
| #define NC_VERSION_MAJOR 0
| #define NC_VERSION_MINOR 4
| #define NC_VERSION_PATCH 1
| #define NC_VERSION_STRING "0.4.1"
| /* end confdefs.h.  */
| #include <ac_nonexistent.h>
configure:4235: result: gcc -E
configure:4255: gcc -E  conftest.c
configure:4255: $? = 0
configure:4269: gcc -E  conftest.c
conftest.c:15:28: fatal error: ac_nonexistent.h: No such file or directory
 #include <ac_nonexistent.h>
                            ^
compilation terminated.
configure:4269: $? = 1
configure: failed program was:
| /* confdefs.h */
| #define PACKAGE_NAME "nutcracker"
| #define PACKAGE_TARNAME "nutcracker"
| #define PACKAGE_VERSION "0.4.1"
| #define PACKAGE_STRING "nutcracker 0.4.1"
| #define PACKAGE_BUGREPORT "manj@cs.stanford.edu"
| #define PACKAGE_URL ""
| #define PACKAGE "nutcracker"
| #define VERSION "0.4.1"
| #define NC_VERSION_MAJOR 0
| #define NC_VERSION_MINOR 4
| #define NC_VERSION_PATCH 1
| #define NC_VERSION_STRING "0.4.1"
| /* end confdefs.h.  */
| #include <ac_nonexistent.h>
configure:4355: checking for g++
configure:4371: found /bin/g++
configure:4382: result: g++
configure:4409: checking for C++ compiler version
configure:4418: g++ --version >&5
g++ (GCC) 4.8.5 20150623 (Red Hat 4.8.5-11)
Copyright (C) 2015 Free Software Foundation, Inc.
This is free software; see the source for copying conditions.  There is NO
warranty; not even for MERCHANTABILITY or FITNESS FOR A PARTICULAR PURPOSE.

configure:4429: $? = 0
configure:4418: g++ -v >&5
Using built-in specs.
COLLECT_GCC=g++
COLLECT_LTO_WRAPPER=/usr/libexec/gcc/x86_64-redhat-linux/4.8.5/lto-wrapper
Target: x86_64-redhat-linux
Configured with: ../configure --prefix=/usr --mandir=/usr/share/man --infodir=/usr/share/info --with-bugurl=http://bugzilla.redhat.com/bugzilla --enable-bootstrap --enable-shared --enable-threads=posix --enable-checking=release --with-system-zlib --enable-__cxa_atexit --disable-libunwind-exceptions --enable-gnu-unique-object --enable-linker-build-id --with-linker-hash-style=gnu --enable-languages=c,c++,objc,obj-c++,java,fortran,ada,go,lto --enable-plugin --enable-initfini-array --disable-libgcj --with-isl=/builddir/build/BUILD/gcc-4.8.5-20150702/obj-x86_64-redhat-linux/isl-install --with-cloog=/builddir/build/BUILD/gcc-4.8.5-20150702/obj-x86_64-redhat-linux/cloog-install --enable-gnu-indirect-function --with-tune=generic --with-arch_32=x86-64 --build=x86_64-redhat-linux
Thread model: posix
gcc version 4.8.5 20150623 (Red Hat 4.8.5-11) (GCC) 
configure:4429: $? = 0
configure:4418: g++ -V >&5
g++: error: unrecognized command line option '-V'
g++: fatal error: no input files
compilation terminated.
configure:4429: $? = 4
configure:4418: g++ -qversion >&5
g++: error: unrecognized command line option '-qversion'
g++: fatal error: no input files
compilation terminated.
configure:4429: $? = 4
configure:4433: checking whether we are using the GNU C++ compiler
configure:4452: g++ -c   conftest.cpp >&5
configure:4452: $? = 0
configure:4461: result: yes
configure:4470: checking whether g++ accepts -g
configure:4490: g++ -c -g  conftest.cpp >&5
configure:4490: $? = 0
configure:4531: result: yes
configure:4556: checking dependency style of g++
configure:4667: result: gcc3
configure:4683: checking whether ln -s works
configure:4687: result: yes
configure:4694: checking whether make sets $(MAKE)
configure:4716: result: yes
configure:4768: checking for ranlib
configure:4784: found /bin/ranlib
configure:4795: result: ranlib
configure:4846: checking build system type
configure:4860: result: x86_64-unknown-linux-gnu
configure:4880: checking host system type
configure:4893: result: x86_64-unknown-linux-gnu
configure:4934: checking how to print strings
configure:4961: result: printf
configure:4982: checking for a sed that does not truncate output
configure:5046: result: /bin/sed
configure:5064: checking for grep that handles long lines and -e
configure:5122: result: /bin/grep
configure:5127: checking for egrep
configure:5189: result: /bin/grep -E
configure:5194: checking for fgrep
configure:5256: result: /bin/grep -F
configure:5291: checking for ld used by gcc
configure:5358: result: /bin/ld
configure:5365: checking if the linker (/bin/ld) is GNU ld
configure:5380: result: yes
configure:5392: checking for BSD- or MS-compatible name lister (nm)
configure:5441: result: /bin/nm -B
configure:5571: checking the name lister (/bin/nm -B) interface
configure:5578: gcc -c -g -O2  conftest.c >&5
configure:5581: /bin/nm -B "conftest.o"
configure:5584: output
0000000000000000 B some_variable
configure:5591: result: BSD nm
configure:5595: checking the maximum length of command line arguments
configure:5725: result: 1572864
configure:5742: checking whether the shell understands some XSI constructs
configure:5752: result: yes
configure:5756: checking whether the shell understands "+="
configure:5762: result: yes
configure:5797: checking how to convert x86_64-unknown-linux-gnu file names to x86_64-unknown-linux-gnu format
configure:5837: result: func_convert_file_noop
configure:5844: checking how to convert x86_64-unknown-linux-gnu file names to toolchain format
configure:5864: result: func_convert_file_noop
configure:5871: checking for /bin/ld option to reload object files
configure:5878: result: -r
configure:5952: checking for objdump
configure:5968: found /bin/objdump
configure:5979: result: objdump
configure:6011: checking how to recognize dependent libraries
configure:6213: result: pass_all
configure:6298: checking for dlltool
configure:6328: result: no
configure:6358: checking how to associate runtime and link libraries
configure:6385: result: printf %s\n
configure:6446: checking for ar
configure:6462: found /bin/ar
configure:6473: result: ar
configure:6510: checking for archiver @FILE support
configure:6527: gcc -c -g -O2  conftest.c >&5
configure:6527: $? = 0
configure:6530: ar cru libconftest.a @conftest.lst >&5
configure:6533: $? = 0
configure:6538: ar cru libconftest.a @conftest.lst >&5
ar: conftest.o: No such file or directory
configure:6541: $? = 1
configure:6553: result: @
configure:6611: checking for strip
configure:6627: found /bin/strip
configure:6638: result: strip
configure:6710: checking for ranlib
configure:6737: result: ranlib
configure:6839: checking command to parse /bin/nm -B output from gcc object
configure:6959: gcc -c -g -O2  conftest.c >&5
configure:6962: $? = 0
configure:6966: /bin/nm -B conftest.o \| sed -n -e 's/^.*[ ]\([ABCDGIRSTW][ABCDGIRSTW]*\)[ ][ ]*\([_A-Za-z][_A-Za-z0-9]*\)$/\1 \2 \2/p' | sed '/ __gnu_lto/d' \> conftest.nm
configure:6969: $? = 0
configure:7035: gcc -o conftest -g -O2   conftest.c conftstm.o >&5
configure:7038: $? = 0
configure:7076: result: ok
configure:7113: checking for sysroot
configure:7143: result: no
configure:7220: gcc -c -g -O2  conftest.c >&5
configure:7223: $? = 0
configure:7399: checking for mt
configure:7429: result: no
configure:7449: checking if : is a manifest tool
configure:7455: : '-?'
configure:7463: result: no
configure:8101: checking for ANSI C header files
configure:8121: gcc -c -g -O2  conftest.c >&5
configure:8121: $? = 0
configure:8194: gcc -o conftest -g -O2   conftest.c  >&5
configure:8194: $? = 0
configure:8194: ./conftest
configure:8194: $? = 0
configure:8205: result: yes
configure:8218: checking for sys/types.h
configure:8218: gcc -c -g -O2  conftest.c >&5
configure:8218: $? = 0
configure:8218: result: yes
configure:8218: checking for sys/stat.h
configure:8218: gcc -c -g -O2  conftest.c >&5
configure:8218: $? = 0
configure:8218: result: yes
configure:8218: checking for stdlib.h
configure:8218: gcc -c -g -O2  conftest.c >&5
configure:8218: $? = 0
configure:8218: result: yes
configure:8218: checking for string.h
configure:8218: gcc -c -g -O2  conftest.c >&5
configure:8218: $? = 0
configure:8218: result: yes
configure:8218: checking for memory.h
configure:8218: gcc -c -g -O2  conftest.c >&5
configure:8218: $? = 0
configure:8218: result: yes
configure:8218: checking for strings.h
configure:8218: gcc -c -g -O2  conftest.c >&5
configure:8218: $? = 0
configure:8218: result: yes
configure:8218: checking for inttypes.h
configure:8218: gcc -c -g -O2  conftest.c >&5
configure:8218: $? = 0
configure:8218: result: yes
configure:8218: checking for stdint.h
configure:8218: gcc -c -g -O2  conftest.c >&5
configure:8218: $? = 0
configure:8218: result: yes
configure:8218: checking for unistd.h
configure:8218: gcc -c -g -O2  conftest.c >&5
configure:8218: $? = 0
configure:8218: result: yes
configure:8232: checking for dlfcn.h
configure:8232: gcc -c -g -O2  conftest.c >&5
configure:8232: $? = 0
configure:8232: result: yes
configure:8449: checking for objdir
configure:8464: result: .libs
configure:8735: checking if gcc supports -fno-rtti -fno-exceptions
configure:8753: gcc -c -g -O2  -fno-rtti -fno-exceptions conftest.c >&5
cc1: warning: command line option '-fno-rtti' is valid for C++/ObjC++ but not for C [enabled by default]
configure:8757: $? = 0
configure:8770: result: no
configure:9097: checking for gcc option to produce PIC
configure:9104: result: -fPIC -DPIC
configure:9112: checking if gcc PIC flag -fPIC -DPIC works
configure:9130: gcc -c -g -O2  -fPIC -DPIC -DPIC conftest.c >&5
configure:9134: $? = 0
configure:9147: result: yes
configure:9176: checking if gcc static flag -static works
configure:9204: result: no
configure:9219: checking if gcc supports -c -o file.o
configure:9240: gcc -c -g -O2  -o out/conftest2.o conftest.c >&5
configure:9244: $? = 0
configure:9266: result: yes
configure:9274: checking if gcc supports -c -o file.o
configure:9321: result: yes
configure:9354: checking whether the gcc linker (/bin/ld -m elf_x86_64) supports shared libraries
configure:10507: result: yes
configure:10544: checking whether -lc should be explicitly linked in
configure:10552: gcc -c -g -O2  conftest.c >&5
configure:10555: $? = 0
configure:10570: gcc -shared  -fPIC -DPIC conftest.o  -v -Wl,-soname -Wl,conftest -o conftest 2\>\&1 \| /bin/grep  -lc  \>/dev/null 2\>\&1
configure:10573: $? = 0
configure:10587: result: no
configure:10747: checking dynamic linker characteristics
configure:11258: gcc -o conftest -g -O2   -Wl,-rpath -Wl,/foo conftest.c  >&5
configure:11258: $? = 0
configure:11484: result: GNU/Linux ld.so
configure:11591: checking how to hardcode library paths into programs
configure:11616: result: immediate
configure:12156: checking whether stripping libraries is possible
configure:12161: result: yes
configure:12196: checking if libtool supports shared libraries
configure:12198: result: yes
configure:12201: checking whether to build shared libraries
configure:12222: result: yes
configure:12225: checking whether to build static libraries
configure:12229: result: yes
configure:12252: checking how to run the C++ preprocessor
configure:12279: g++ -E  conftest.cpp
configure:12279: $? = 0
configure:12293: g++ -E  conftest.cpp
conftest.cpp:27:28: fatal error: ac_nonexistent.h: No such file or directory
 #include <ac_nonexistent.h>
                            ^
compilation terminated.
configure:12293: $? = 1
configure: failed program was:
| /* confdefs.h */
| #define PACKAGE_NAME "nutcracker"
| #define PACKAGE_TARNAME "nutcracker"
| #define PACKAGE_VERSION "0.4.1"
| #define PACKAGE_STRING "nutcracker 0.4.1"
| #define PACKAGE_BUGREPORT "manj@cs.stanford.edu"
| #define PACKAGE_URL ""
| #define PACKAGE "nutcracker"
| #define VERSION "0.4.1"
| #define NC_VERSION_MAJOR 0
| #define NC_VERSION_MINOR 4
| #define NC_VERSION_PATCH 1
| #define NC_VERSION_STRING "0.4.1"
| #define STDC_HEADERS 1
| #define HAVE_SYS_TYPES_H 1
| #define HAVE_SYS_STAT_H 1
| #define HAVE_STDLIB_H 1
| #define HAVE_STRING_H 1
| #define HAVE_MEMORY_H 1
| #define HAVE_STRINGS_H 1
| #define HAVE_INTTYPES_H 1
| #define HAVE_STDINT_H 1
| #define HAVE_UNISTD_H 1
| #define HAVE_DLFCN_H 1
| #define LT_OBJDIR ".libs/"
| /* end confdefs.h.  */
| #include <ac_nonexistent.h>
configure:12318: result: g++ -E
configure:12338: g++ -E  conftest.cpp
configure:12338: $? = 0
configure:12352: g++ -E  conftest.cpp
conftest.cpp:27:28: fatal error: ac_nonexistent.h: No such file or directory
 #include <ac_nonexistent.h>
                            ^
compilation terminated.
configure:12352: $? = 1
configure: failed program was:
| /* confdefs.h */
| #define PACKAGE_NAME "nutcracker"
| #define PACKAGE_TARNAME "nutcracker"
| #define PACKAGE_VERSION "0.4.1"
| #define PACKAGE_STRING "nutcracker 0.4.1"
| #define PACKAGE_BUGREPORT "manj@cs.stanford.edu"
| #define PACKAGE_URL ""
| #define PACKAGE "nutcracker"
| #define VERSION "0.4.1"
| #define NC_VERSION_MAJOR 0
| #define NC_VERSION_MINOR 4
| #define NC_VERSION_PATCH 1
| #define NC_VERSION_STRING "0.4.1"
| #define STDC_HEADERS 1
| #define HAVE_SYS_TYPES_H 1
| #define HAVE_SYS_STAT_H 1
| #define HAVE_STDLIB_H 1
| #define HAVE_STRING_H 1
| #define HAVE_MEMORY_H 1
| #define HAVE_STRINGS_H 1
| #define HAVE_INTTYPES_H 1
| #define HAVE_STDINT_H 1
| #define HAVE_UNISTD_H 1
| #define HAVE_DLFCN_H 1
| #define LT_OBJDIR ".libs/"
| /* end confdefs.h.  */
| #include <ac_nonexistent.h>
configure:12521: checking for ld used by g++
configure:12588: result: /bin/ld -m elf_x86_64
configure:12595: checking if the linker (/bin/ld -m elf_x86_64) is GNU ld
configure:12610: result: yes
configure:12665: checking whether the g++ linker (/bin/ld -m elf_x86_64) supports shared libraries
configure:13670: result: yes
configure:13706: g++ -c -g -O2  conftest.cpp >&5
configure:13709: $? = 0
configure:14229: checking for g++ option to produce PIC
configure:14236: result: -fPIC -DPIC
configure:14244: checking if g++ PIC flag -fPIC -DPIC works
configure:14262: g++ -c -g -O2  -fPIC -DPIC -DPIC conftest.cpp >&5
configure:14266: $? = 0
configure:14279: result: yes
configure:14302: checking if g++ static flag -static works
configure:14330: result: no
configure:14342: checking if g++ supports -c -o file.o
configure:14363: g++ -c -g -O2  -o out/conftest2.o conftest.cpp >&5
configure:14367: $? = 0
configure:14389: result: yes
configure:14394: checking if g++ supports -c -o file.o
configure:14441: result: yes
configure:14471: checking whether the g++ linker (/bin/ld -m elf_x86_64) supports shared libraries
configure:14507: result: yes
configure:14648: checking dynamic linker characteristics
configure:15319: result: GNU/Linux ld.so
configure:15372: checking how to hardcode library paths into programs
configure:15397: result: immediate
configure:15460: checking for inline
configure:15476: gcc -c -g -O2  conftest.c >&5
configure:15476: $? = 0
configure:15484: result: inline
configure:15502: checking for int8_t
configure:15502: gcc -c -g -O2  conftest.c >&5
configure:15502: $? = 0
configure:15502: gcc -c -g -O2  conftest.c >&5
conftest.c: In function 'main':
conftest.c:64:12: error: size of array 'test_array' is negative
 static int test_array [1 - 2 * !((int8_t) (((((int8_t) 1 << N) << N) - 1) * 2 + 1)
            ^
configure:15502: $? = 1
configure: failed program was:
| /* confdefs.h */
| #define PACKAGE_NAME "nutcracker"
| #define PACKAGE_TARNAME "nutcracker"
| #define PACKAGE_VERSION "0.4.1"
| #define PACKAGE_STRING "nutcracker 0.4.1"
| #define PACKAGE_BUGREPORT "manj@cs.stanford.edu"
| #define PACKAGE_URL ""
| #define PACKAGE "nutcracker"
| #define VERSION "0.4.1"
| #define NC_VERSION_MAJOR 0
| #define NC_VERSION_MINOR 4
| #define NC_VERSION_PATCH 1
| #define NC_VERSION_STRING "0.4.1"
| #define STDC_HEADERS 1
| #define HAVE_SYS_TYPES_H 1
| #define HAVE_SYS_STAT_H 1
| #define HAVE_STDLIB_H 1
| #define HAVE_STRING_H 1
| #define HAVE_MEMORY_H 1
| #define HAVE_STRINGS_H 1
| #define HAVE_INTTYPES_H 1
| #define HAVE_STDINT_H 1
| #define HAVE_UNISTD_H 1
| #define HAVE_DLFCN_H 1
| #define LT_OBJDIR ".libs/"
| /* end confdefs.h.  */
| #include <stdio.h>
| #ifdef HAVE_SYS_TYPES_H
| # include <sys/types.h>
| #endif
| #ifdef HAVE_SYS_STAT_H
| # include <sys/stat.h>
| #endif
| #ifdef STDC_HEADERS
| # include <stdlib.h>
| # include <stddef.h>
| #else
| # ifdef HAVE_STDLIB_H
| #  include <stdlib.h>
| # endif
| #endif
| #ifdef HAVE_STRING_H
| # if !defined STDC_HEADERS && defined HAVE_MEMORY_H
| #  include <memory.h>
| # endif
| # include <string.h>
| #endif
| #ifdef HAVE_STRINGS_H
| # include <strings.h>
| #endif
| #ifdef HAVE_INTTYPES_H
| # include <inttypes.h>
| #endif
| #ifdef HAVE_STDINT_H
| # include <stdint.h>
| #endif
| #ifdef HAVE_UNISTD_H
| # include <unistd.h>
| #endif
| 	        enum { N = 8 / 2 - 1 };
| int
| main ()
| {
| static int test_array [1 - 2 * !((int8_t) (((((int8_t) 1 << N) << N) - 1) * 2 + 1)
| 		 < (int8_t) (((((int8_t) 1 << N) << N) - 1) * 2 + 2))];
| test_array [0] = 0;
| return test_array [0];
| 
|   ;
|   return 0;
| }
configure:15502: result: yes
configure:15513: checking for int16_t
configure:15513: gcc -c -g -O2  conftest.c >&5
configure:15513: $? = 0
configure:15513: gcc -c -g -O2  conftest.c >&5
conftest.c: In function 'main':
conftest.c:64:12: error: size of array 'test_array' is negative
 static int test_array [1 - 2 * !((int16_t) (((((int16_t) 1 << N) << N) - 1) * 2 + 1)
            ^
configure:15513: $? = 1
configure: failed program was:
| /* confdefs.h */
| #define PACKAGE_NAME "nutcracker"
| #define PACKAGE_TARNAME "nutcracker"
| #define PACKAGE_VERSION "0.4.1"
| #define PACKAGE_STRING "nutcracker 0.4.1"
| #define PACKAGE_BUGREPORT "manj@cs.stanford.edu"
| #define PACKAGE_URL ""
| #define PACKAGE "nutcracker"
| #define VERSION "0.4.1"
| #define NC_VERSION_MAJOR 0
| #define NC_VERSION_MINOR 4
| #define NC_VERSION_PATCH 1
| #define NC_VERSION_STRING "0.4.1"
| #define STDC_HEADERS 1
| #define HAVE_SYS_TYPES_H 1
| #define HAVE_SYS_STAT_H 1
| #define HAVE_STDLIB_H 1
| #define HAVE_STRING_H 1
| #define HAVE_MEMORY_H 1
| #define HAVE_STRINGS_H 1
| #define HAVE_INTTYPES_H 1
| #define HAVE_STDINT_H 1
| #define HAVE_UNISTD_H 1
| #define HAVE_DLFCN_H 1
| #define LT_OBJDIR ".libs/"
| /* end confdefs.h.  */
| #include <stdio.h>
| #ifdef HAVE_SYS_TYPES_H
| # include <sys/types.h>
| #endif
| #ifdef HAVE_SYS_STAT_H
| # include <sys/stat.h>
| #endif
| #ifdef STDC_HEADERS
| # include <stdlib.h>
| # include <stddef.h>
| #else
| # ifdef HAVE_STDLIB_H
| #  include <stdlib.h>
| # endif
| #endif
| #ifdef HAVE_STRING_H
| # if !defined STDC_HEADERS && defined HAVE_MEMORY_H
| #  include <memory.h>
| # endif
| # include <string.h>
| #endif
| #ifdef HAVE_STRINGS_H
| # include <strings.h>
| #endif
| #ifdef HAVE_INTTYPES_H
| # include <inttypes.h>
| #endif
| #ifdef HAVE_STDINT_H
| # include <stdint.h>
| #endif
| #ifdef HAVE_UNISTD_H
| # include <unistd.h>
| #endif
| 	        enum { N = 16 / 2 - 1 };
| int
| main ()
| {
| static int test_array [1 - 2 * !((int16_t) (((((int16_t) 1 << N) << N) - 1) * 2 + 1)
| 		 < (int16_t) (((((int16_t) 1 << N) << N) - 1) * 2 + 2))];
| test_array [0] = 0;
| return test_array [0];
| 
|   ;
|   return 0;
| }
configure:15513: result: yes
configure:15524: checking for int32_t
configure:15524: gcc -c -g -O2  conftest.c >&5
configure:15524: $? = 0
configure:15524: gcc -c -g -O2  conftest.c >&5
conftest.c: In function 'main':
conftest.c:65:53: warning: integer overflow in expression [-Woverflow]
    < (int32_t) (((((int32_t) 1 << N) << N) - 1) * 2 + 2))];
                                                     ^
conftest.c:64:12: error: storage size of 'test_array' isn't constant
 static int test_array [1 - 2 * !((int32_t) (((((int32_t) 1 << N) << N) - 1) * 2 + 1)
            ^
configure:15524: $? = 1
configure: failed program was:
| /* confdefs.h */
| #define PACKAGE_NAME "nutcracker"
| #define PACKAGE_TARNAME "nutcracker"
| #define PACKAGE_VERSION "0.4.1"
| #define PACKAGE_STRING "nutcracker 0.4.1"
| #define PACKAGE_BUGREPORT "manj@cs.stanford.edu"
| #define PACKAGE_URL ""
| #define PACKAGE "nutcracker"
| #define VERSION "0.4.1"
| #define NC_VERSION_MAJOR 0
| #define NC_VERSION_MINOR 4
| #define NC_VERSION_PATCH 1
| #define NC_VERSION_STRING "0.4.1"
| #define STDC_HEADERS 1
| #define HAVE_SYS_TYPES_H 1
| #define HAVE_SYS_STAT_H 1
| #define HAVE_STDLIB_H 1
| #define HAVE_STRING_H 1
| #define HAVE_MEMORY_H 1
| #define HAVE_STRINGS_H 1
| #define HAVE_INTTYPES_H 1
| #define HAVE_STDINT_H 1
| #define HAVE_UNISTD_H 1
| #define HAVE_DLFCN_H 1
| #define LT_OBJDIR ".libs/"
| /* end confdefs.h.  */
| #include <stdio.h>
| #ifdef HAVE_SYS_TYPES_H
| # include <sys/types.h>
| #endif
| #ifdef HAVE_SYS_STAT_H
| # include <sys/stat.h>
| #endif
| #ifdef STDC_HEADERS
| # include <stdlib.h>
| # include <stddef.h>
| #else
| # ifdef HAVE_STDLIB_H
| #  include <stdlib.h>
| # endif
| #endif
| #ifdef HAVE_STRING_H
| # if !defined STDC_HEADERS && defined HAVE_MEMORY_H
| #  include <memory.h>
| # endif
| # include <string.h>
| #endif
| #ifdef HAVE_STRINGS_H
| # include <strings.h>
| #endif
| #ifdef HAVE_INTTYPES_H
| # include <inttypes.h>
| #endif
| #ifdef HAVE_STDINT_H
| # include <stdint.h>
| #endif
| #ifdef HAVE_UNISTD_H
| # include <unistd.h>
| #endif
| 	        enum { N = 32 / 2 - 1 };
| int
| main ()
| {
| static int test_array [1 - 2 * !((int32_t) (((((int32_t) 1 << N) << N) - 1) * 2 + 1)
| 		 < (int32_t) (((((int32_t) 1 << N) << N) - 1) * 2 + 2))];
| test_array [0] = 0;
| return test_array [0];
| 
|   ;
|   return 0;
| }
configure:15524: result: yes
configure:15535: checking for int64_t
configure:15535: gcc -c -g -O2  conftest.c >&5
configure:15535: $? = 0
configure:15535: gcc -c -g -O2  conftest.c >&5
conftest.c: In function 'main':
conftest.c:65:53: warning: integer overflow in expression [-Woverflow]
    < (int64_t) (((((int64_t) 1 << N) << N) - 1) * 2 + 2))];
                                                     ^
conftest.c:64:12: error: storage size of 'test_array' isn't constant
 static int test_array [1 - 2 * !((int64_t) (((((int64_t) 1 << N) << N) - 1) * 2 + 1)
            ^
configure:15535: $? = 1
configure: failed program was:
| /* confdefs.h */
| #define PACKAGE_NAME "nutcracker"
| #define PACKAGE_TARNAME "nutcracker"
| #define PACKAGE_VERSION "0.4.1"
| #define PACKAGE_STRING "nutcracker 0.4.1"
| #define PACKAGE_BUGREPORT "manj@cs.stanford.edu"
| #define PACKAGE_URL ""
| #define PACKAGE "nutcracker"
| #define VERSION "0.4.1"
| #define NC_VERSION_MAJOR 0
| #define NC_VERSION_MINOR 4
| #define NC_VERSION_PATCH 1
| #define NC_VERSION_STRING "0.4.1"
| #define STDC_HEADERS 1
| #define HAVE_SYS_TYPES_H 1
| #define HAVE_SYS_STAT_H 1
| #define HAVE_STDLIB_H 1
| #define HAVE_STRING_H 1
| #define HAVE_MEMORY_H 1
| #define HAVE_STRINGS_H 1
| #define HAVE_INTTYPES_H 1
| #define HAVE_STDINT_H 1
| #define HAVE_UNISTD_H 1
| #define HAVE_DLFCN_H 1
| #define LT_OBJDIR ".libs/"
| /* end confdefs.h.  */
| #include <stdio.h>
| #ifdef HAVE_SYS_TYPES_H
| # include <sys/types.h>
| #endif
| #ifdef HAVE_SYS_STAT_H
| # include <sys/stat.h>
| #endif
| #ifdef STDC_HEADERS
| # include <stdlib.h>
| # include <stddef.h>
| #else
| # ifdef HAVE_STDLIB_H
| #  include <stdlib.h>
| # endif
| #endif
| #ifdef HAVE_STRING_H
| # if !defined STDC_HEADERS && defined HAVE_MEMORY_H
| #  include <memory.h>
| # endif
| # include <string.h>
| #endif
| #ifdef HAVE_STRINGS_H
| # include <strings.h>
| #endif
| #ifdef HAVE_INTTYPES_H
| # include <inttypes.h>
| #endif
| #ifdef HAVE_STDINT_H
| # include <stdint.h>
| #endif
| #ifdef HAVE_UNISTD_H
| # include <unistd.h>
| #endif
| 	        enum { N = 64 / 2 - 1 };
| int
| main ()
| {
| static int test_array [1 - 2 * !((int64_t) (((((int64_t) 1 << N) << N) - 1) * 2 + 1)
| 		 < (int64_t) (((((int64_t) 1 << N) << N) - 1) * 2 + 2))];
| test_array [0] = 0;
| return test_array [0];
| 
|   ;
|   return 0;
| }
configure:15535: result: yes
configure:15547: checking for unsigned long long int
configure:15586: gcc -o conftest -g -O2   conftest.c  >&5
configure:15586: $? = 0
configure:15595: result: yes
configure:15605: checking for long long int
configure:15643: gcc -o conftest -g -O2   conftest.c  >&5
configure:15643: $? = 0
configure:15643: ./conftest
configure:15643: $? = 0
configure:15655: result: yes
configure:15665: checking for intmax_t
configure:15665: gcc -c -g -O2  conftest.c >&5
configure:15665: $? = 0
configure:15665: gcc -c -g -O2  conftest.c >&5
conftest.c: In function 'main':
conftest.c:65:23: error: expected expression before ')' token
 if (sizeof ((intmax_t)))
                       ^
configure:15665: $? = 1
configure: failed program was:
| /* confdefs.h */
| #define PACKAGE_NAME "nutcracker"
| #define PACKAGE_TARNAME "nutcracker"
| #define PACKAGE_VERSION "0.4.1"
| #define PACKAGE_STRING "nutcracker 0.4.1"
| #define PACKAGE_BUGREPORT "manj@cs.stanford.edu"
| #define PACKAGE_URL ""
| #define PACKAGE "nutcracker"
| #define VERSION "0.4.1"
| #define NC_VERSION_MAJOR 0
| #define NC_VERSION_MINOR 4
| #define NC_VERSION_PATCH 1
| #define NC_VERSION_STRING "0.4.1"
| #define STDC_HEADERS 1
| #define HAVE_SYS_TYPES_H 1
| #define HAVE_SYS_STAT_H 1
| #define HAVE_STDLIB_H 1
| #define HAVE_STRING_H 1
| #define HAVE_MEMORY_H 1
| #define HAVE_STRINGS_H 1
| #define HAVE_INTTYPES_H 1
| #define HAVE_STDINT_H 1
| #define HAVE_UNISTD_H 1
| #define HAVE_DLFCN_H 1
| #define LT_OBJDIR ".libs/"
| #define HAVE_UNSIGNED_LONG_LONG_INT 1
| #define HAVE_LONG_LONG_INT 1
| /* end confdefs.h.  */
| #include <stdio.h>
| #ifdef HAVE_SYS_TYPES_H
| # include <sys/types.h>
| #endif
| #ifdef HAVE_SYS_STAT_H
| # include <sys/stat.h>
| #endif
| #ifdef STDC_HEADERS
| # include <stdlib.h>
| # include <stddef.h>
| #else
| # ifdef HAVE_STDLIB_H
| #  include <stdlib.h>
| # endif
| #endif
| #ifdef HAVE_STRING_H
| # if !defined STDC_HEADERS && defined HAVE_MEMORY_H
| #  include <memory.h>
| # endif
| # include <string.h>
| #endif
| #ifdef HAVE_STRINGS_H
| # include <strings.h>
| #endif
| #ifdef HAVE_INTTYPES_H
| # include <inttypes.h>
| #endif
| #ifdef HAVE_STDINT_H
| # include <stdint.h>
| #endif
| #ifdef HAVE_UNISTD_H
| # include <unistd.h>
| #endif
| int
| main ()
| {
| if (sizeof ((intmax_t)))
| 	    return 0;
|   ;
|   return 0;
| }
configure:15665: result: yes
configure:15683: checking for intptr_t
configure:15683: gcc -c -g -O2  conftest.c >&5
configure:15683: $? = 0
configure:15683: gcc -c -g -O2  conftest.c >&5
conftest.c: In function 'main':
conftest.c:66:23: error: expected expression before ')' token
 if (sizeof ((intptr_t)))
                       ^
configure:15683: $? = 1
configure: failed program was:
| /* confdefs.h */
| #define PACKAGE_NAME "nutcracker"
| #define PACKAGE_TARNAME "nutcracker"
| #define PACKAGE_VERSION "0.4.1"
| #define PACKAGE_STRING "nutcracker 0.4.1"
| #define PACKAGE_BUGREPORT "manj@cs.stanford.edu"
| #define PACKAGE_URL ""
| #define PACKAGE "nutcracker"
| #define VERSION "0.4.1"
| #define NC_VERSION_MAJOR 0
| #define NC_VERSION_MINOR 4
| #define NC_VERSION_PATCH 1
| #define NC_VERSION_STRING "0.4.1"
| #define STDC_HEADERS 1
| #define HAVE_SYS_TYPES_H 1
| #define HAVE_SYS_STAT_H 1
| #define HAVE_STDLIB_H 1
| #define HAVE_STRING_H 1
| #define HAVE_MEMORY_H 1
| #define HAVE_STRINGS_H 1
| #define HAVE_INTTYPES_H 1
| #define HAVE_STDINT_H 1
| #define HAVE_UNISTD_H 1
| #define HAVE_DLFCN_H 1
| #define LT_OBJDIR ".libs/"
| #define HAVE_UNSIGNED_LONG_LONG_INT 1
| #define HAVE_LONG_LONG_INT 1
| #define HAVE_INTMAX_T 1
| /* end confdefs.h.  */
| #include <stdio.h>
| #ifdef HAVE_SYS_TYPES_H
| # include <sys/types.h>
| #endif
| #ifdef HAVE_SYS_STAT_H
| # include <sys/stat.h>
| #endif
| #ifdef STDC_HEADERS
| # include <stdlib.h>
| # include <stddef.h>
| #else
| # ifdef HAVE_STDLIB_H
| #  include <stdlib.h>
| # endif
| #endif
| #ifdef HAVE_STRING_H
| # if !defined STDC_HEADERS && defined HAVE_MEMORY_H
| #  include <memory.h>
| # endif
| # include <string.h>
| #endif
| #ifdef HAVE_STRINGS_H
| # include <strings.h>
| #endif
| #ifdef HAVE_INTTYPES_H
| # include <inttypes.h>
| #endif
| #ifdef HAVE_STDINT_H
| # include <stdint.h>
| #endif
| #ifdef HAVE_UNISTD_H
| # include <unistd.h>
| #endif
| int
| main ()
| {
| if (sizeof ((intptr_t)))
| 	    return 0;
|   ;
|   return 0;
| }
configure:15683: result: yes
configure:15718: checking for uint8_t
configure:15718: gcc -c -g -O2  conftest.c >&5
configure:15718: $? = 0
configure:15718: result: yes
configure:15732: checking for uint16_t
configure:15732: gcc -c -g -O2  conftest.c >&5
configure:15732: $? = 0
configure:15732: result: yes
configure:15744: checking for uint32_t
configure:15744: gcc -c -g -O2  conftest.c >&5
configure:15744: $? = 0
configure:15744: result: yes
configure:15758: checking for uint64_t
configure:15758: gcc -c -g -O2  conftest.c >&5
configure:15758: $? = 0
configure:15758: result: yes
configure:15774: checking for uintmax_t
configure:15774: gcc -c -g -O2  conftest.c >&5
configure:15774: $? = 0
configure:15774: gcc -c -g -O2  conftest.c >&5
conftest.c: In function 'main':
conftest.c:67:24: error: expected expression before ')' token
 if (sizeof ((uintmax_t)))
                        ^
configure:15774: $? = 1
configure: failed program was:
| /* confdefs.h */
| #define PACKAGE_NAME "nutcracker"
| #define PACKAGE_TARNAME "nutcracker"
| #define PACKAGE_VERSION "0.4.1"
| #define PACKAGE_STRING "nutcracker 0.4.1"
| #define PACKAGE_BUGREPORT "manj@cs.stanford.edu"
| #define PACKAGE_URL ""
| #define PACKAGE "nutcracker"
| #define VERSION "0.4.1"
| #define NC_VERSION_MAJOR 0
| #define NC_VERSION_MINOR 4
| #define NC_VERSION_PATCH 1
| #define NC_VERSION_STRING "0.4.1"
| #define STDC_HEADERS 1
| #define HAVE_SYS_TYPES_H 1
| #define HAVE_SYS_STAT_H 1
| #define HAVE_STDLIB_H 1
| #define HAVE_STRING_H 1
| #define HAVE_MEMORY_H 1
| #define HAVE_STRINGS_H 1
| #define HAVE_INTTYPES_H 1
| #define HAVE_STDINT_H 1
| #define HAVE_UNISTD_H 1
| #define HAVE_DLFCN_H 1
| #define LT_OBJDIR ".libs/"
| #define HAVE_UNSIGNED_LONG_LONG_INT 1
| #define HAVE_LONG_LONG_INT 1
| #define HAVE_INTMAX_T 1
| #define HAVE_INTPTR_T 1
| /* end confdefs.h.  */
| #include <stdio.h>
| #ifdef HAVE_SYS_TYPES_H
| # include <sys/types.h>
| #endif
| #ifdef HAVE_SYS_STAT_H
| # include <sys/stat.h>
| #endif
| #ifdef STDC_HEADERS
| # include <stdlib.h>
| # include <stddef.h>
| #else
| # ifdef HAVE_STDLIB_H
| #  include <stdlib.h>
| # endif
| #endif
| #ifdef HAVE_STRING_H
| # if !defined STDC_HEADERS && defined HAVE_MEMORY_H
| #  include <memory.h>
| # endif
| # include <string.h>
| #endif
| #ifdef HAVE_STRINGS_H
| # include <strings.h>
| #endif
| #ifdef HAVE_INTTYPES_H
| # include <inttypes.h>
| #endif
| #ifdef HAVE_STDINT_H
| # include <stdint.h>
| #endif
| #ifdef HAVE_UNISTD_H
| # include <unistd.h>
| #endif
| int
| main ()
| {
| if (sizeof ((uintmax_t)))
| 	    return 0;
|   ;
|   return 0;
| }
configure:15774: result: yes
configure:15792: checking for uintptr_t
configure:15792: gcc -c -g -O2  conftest.c >&5
configure:15792: $? = 0
configure:15792: gcc -c -g -O2  conftest.c >&5
conftest.c: In function 'main':
conftest.c:68:24: error: expected expression before ')' token
 if (sizeof ((uintptr_t)))
                        ^
configure:15792: $? = 1
configure: failed program was:
| /* confdefs.h */
| #define PACKAGE_NAME "nutcracker"
| #define PACKAGE_TARNAME "nutcracker"
| #define PACKAGE_VERSION "0.4.1"
| #define PACKAGE_STRING "nutcracker 0.4.1"
| #define PACKAGE_BUGREPORT "manj@cs.stanford.edu"
| #define PACKAGE_URL ""
| #define PACKAGE "nutcracker"
| #define VERSION "0.4.1"
| #define NC_VERSION_MAJOR 0
| #define NC_VERSION_MINOR 4
| #define NC_VERSION_PATCH 1
| #define NC_VERSION_STRING "0.4.1"
| #define STDC_HEADERS 1
| #define HAVE_SYS_TYPES_H 1
| #define HAVE_SYS_STAT_H 1
| #define HAVE_STDLIB_H 1
| #define HAVE_STRING_H 1
| #define HAVE_MEMORY_H 1
| #define HAVE_STRINGS_H 1
| #define HAVE_INTTYPES_H 1
| #define HAVE_STDINT_H 1
| #define HAVE_UNISTD_H 1
| #define HAVE_DLFCN_H 1
| #define LT_OBJDIR ".libs/"
| #define HAVE_UNSIGNED_LONG_LONG_INT 1
| #define HAVE_LONG_LONG_INT 1
| #define HAVE_INTMAX_T 1
| #define HAVE_INTPTR_T 1
| #define HAVE_UINTMAX_T 1
| /* end confdefs.h.  */
| #include <stdio.h>
| #ifdef HAVE_SYS_TYPES_H
| # include <sys/types.h>
| #endif
| #ifdef HAVE_SYS_STAT_H
| # include <sys/stat.h>
| #endif
| #ifdef STDC_HEADERS
| # include <stdlib.h>
| # include <stddef.h>
| #else
| # ifdef HAVE_STDLIB_H
| #  include <stdlib.h>
| # endif
| #endif
| #ifdef HAVE_STRING_H
| # if !defined STDC_HEADERS && defined HAVE_MEMORY_H
| #  include <memory.h>
| # endif
| # include <string.h>
| #endif
| #ifdef HAVE_STRINGS_H
| # include <strings.h>
| #endif
| #ifdef HAVE_INTTYPES_H
| # include <inttypes.h>
| #endif
| #ifdef HAVE_STDINT_H
| # include <stdint.h>
| #endif
| #ifdef HAVE_UNISTD_H
| # include <unistd.h>
| #endif
| int
| main ()
| {
| if (sizeof ((uintptr_t)))
| 	    return 0;
|   ;
|   return 0;
| }
configure:15792: result: yes
configure:15828: checking for off_t
configure:15828: gcc -c -g -O2  conftest.c >&5
configure:15828: $? = 0
configure:15828: gcc -c -g -O2  conftest.c >&5
conftest.c: In function 'main':
conftest.c:69:20: error: expected expression before ')' token
 if (sizeof ((off_t)))
                    ^
configure:15828: $? = 1
configure: failed program was:
| /* confdefs.h */
| #define PACKAGE_NAME "nutcracker"
| #define PACKAGE_TARNAME "nutcracker"
| #define PACKAGE_VERSION "0.4.1"
| #define PACKAGE_STRING "nutcracker 0.4.1"
| #define PACKAGE_BUGREPORT "manj@cs.stanford.edu"
| #define PACKAGE_URL ""
| #define PACKAGE "nutcracker"
| #define VERSION "0.4.1"
| #define NC_VERSION_MAJOR 0
| #define NC_VERSION_MINOR 4
| #define NC_VERSION_PATCH 1
| #define NC_VERSION_STRING "0.4.1"
| #define STDC_HEADERS 1
| #define HAVE_SYS_TYPES_H 1
| #define HAVE_SYS_STAT_H 1
| #define HAVE_STDLIB_H 1
| #define HAVE_STRING_H 1
| #define HAVE_MEMORY_H 1
| #define HAVE_STRINGS_H 1
| #define HAVE_INTTYPES_H 1
| #define HAVE_STDINT_H 1
| #define HAVE_UNISTD_H 1
| #define HAVE_DLFCN_H 1
| #define LT_OBJDIR ".libs/"
| #define HAVE_UNSIGNED_LONG_LONG_INT 1
| #define HAVE_LONG_LONG_INT 1
| #define HAVE_INTMAX_T 1
| #define HAVE_INTPTR_T 1
| #define HAVE_UINTMAX_T 1
| #define HAVE_UINTPTR_T 1
| /* end confdefs.h.  */
| #include <stdio.h>
| #ifdef HAVE_SYS_TYPES_H
| # include <sys/types.h>
| #endif
| #ifdef HAVE_SYS_STAT_H
| # include <sys/stat.h>
| #endif
| #ifdef STDC_HEADERS
| # include <stdlib.h>
| # include <stddef.h>
| #else
| # ifdef HAVE_STDLIB_H
| #  include <stdlib.h>
| # endif
| #endif
| #ifdef HAVE_STRING_H
| # if !defined STDC_HEADERS && defined HAVE_MEMORY_H
| #  include <memory.h>
| # endif
| # include <string.h>
| #endif
| #ifdef HAVE_STRINGS_H
| # include <strings.h>
| #endif
| #ifdef HAVE_INTTYPES_H
| # include <inttypes.h>
| #endif
| #ifdef HAVE_STDINT_H
| # include <stdint.h>
| #endif
| #ifdef HAVE_UNISTD_H
| # include <unistd.h>
| #endif
| int
| main ()
| {
| if (sizeof ((off_t)))
| 	    return 0;
|   ;
|   return 0;
| }
configure:15828: result: yes
configure:15839: checking for pid_t
configure:15839: gcc -c -g -O2  conftest.c >&5
configure:15839: $? = 0
configure:15839: gcc -c -g -O2  conftest.c >&5
conftest.c: In function 'main':
conftest.c:69:20: error: expected expression before ')' token
 if (sizeof ((pid_t)))
                    ^
configure:15839: $? = 1
configure: failed program was:
| /* confdefs.h */
| #define PACKAGE_NAME "nutcracker"
| #define PACKAGE_TARNAME "nutcracker"
| #define PACKAGE_VERSION "0.4.1"
| #define PACKAGE_STRING "nutcracker 0.4.1"
| #define PACKAGE_BUGREPORT "manj@cs.stanford.edu"
| #define PACKAGE_URL ""
| #define PACKAGE "nutcracker"
| #define VERSION "0.4.1"
| #define NC_VERSION_MAJOR 0
| #define NC_VERSION_MINOR 4
| #define NC_VERSION_PATCH 1
| #define NC_VERSION_STRING "0.4.1"
| #define STDC_HEADERS 1
| #define HAVE_SYS_TYPES_H 1
| #define HAVE_SYS_STAT_H 1
| #define HAVE_STDLIB_H 1
| #define HAVE_STRING_H 1
| #define HAVE_MEMORY_H 1
| #define HAVE_STRINGS_H 1
| #define HAVE_INTTYPES_H 1
| #define HAVE_STDINT_H 1
| #define HAVE_UNISTD_H 1
| #define HAVE_DLFCN_H 1
| #define LT_OBJDIR ".libs/"
| #define HAVE_UNSIGNED_LONG_LONG_INT 1
| #define HAVE_LONG_LONG_INT 1
| #define HAVE_INTMAX_T 1
| #define HAVE_INTPTR_T 1
| #define HAVE_UINTMAX_T 1
| #define HAVE_UINTPTR_T 1
| /* end confdefs.h.  */
| #include <stdio.h>
| #ifdef HAVE_SYS_TYPES_H
| # include <sys/types.h>
| #endif
| #ifdef HAVE_SYS_STAT_H
| # include <sys/stat.h>
| #endif
| #ifdef STDC_HEADERS
| # include <stdlib.h>
| # include <stddef.h>
| #else
| # ifdef HAVE_STDLIB_H
| #  include <stdlib.h>
| # endif
| #endif
| #ifdef HAVE_STRING_H
| # if !defined STDC_HEADERS && defined HAVE_MEMORY_H
| #  include <memory.h>
| # endif
| # include <string.h>
| #endif
| #ifdef HAVE_STRINGS_H
| # include <strings.h>
| #endif
| #ifdef HAVE_INTTYPES_H
| # include <inttypes.h>
| #endif
| #ifdef HAVE_STDINT_H
| # include <stdint.h>
| #endif
| #ifdef HAVE_UNISTD_H
| # include <unistd.h>
| #endif
| int
| main ()
| {
| if (sizeof ((pid_t)))
| 	    return 0;
|   ;
|   return 0;
| }
configure:15839: result: yes
configure:15850: checking for size_t
configure:15850: gcc -c -g -O2  conftest.c >&5
configure:15850: $? = 0
configure:15850: gcc -c -g -O2  conftest.c >&5
conftest.c: In function 'main':
conftest.c:69:21: error: expected expression before ')' token
 if (sizeof ((size_t)))
                     ^
configure:15850: $? = 1
configure: failed program was:
| /* confdefs.h */
| #define PACKAGE_NAME "nutcracker"
| #define PACKAGE_TARNAME "nutcracker"
| #define PACKAGE_VERSION "0.4.1"
| #define PACKAGE_STRING "nutcracker 0.4.1"
| #define PACKAGE_BUGREPORT "manj@cs.stanford.edu"
| #define PACKAGE_URL ""
| #define PACKAGE "nutcracker"
| #define VERSION "0.4.1"
| #define NC_VERSION_MAJOR 0
| #define NC_VERSION_MINOR 4
| #define NC_VERSION_PATCH 1
| #define NC_VERSION_STRING "0.4.1"
| #define STDC_HEADERS 1
| #define HAVE_SYS_TYPES_H 1
| #define HAVE_SYS_STAT_H 1
| #define HAVE_STDLIB_H 1
| #define HAVE_STRING_H 1
| #define HAVE_MEMORY_H 1
| #define HAVE_STRINGS_H 1
| #define HAVE_INTTYPES_H 1
| #define HAVE_STDINT_H 1
| #define HAVE_UNISTD_H 1
| #define HAVE_DLFCN_H 1
| #define LT_OBJDIR ".libs/"
| #define HAVE_UNSIGNED_LONG_LONG_INT 1
| #define HAVE_LONG_LONG_INT 1
| #define HAVE_INTMAX_T 1
| #define HAVE_INTPTR_T 1
| #define HAVE_UINTMAX_T 1
| #define HAVE_UINTPTR_T 1
| /* end confdefs.h.  */
| #include <stdio.h>
| #ifdef HAVE_SYS_TYPES_H
| # include <sys/types.h>
| #endif
| #ifdef HAVE_SYS_STAT_H
| # include <sys/stat.h>
| #endif
| #ifdef STDC_HEADERS
| # include <stdlib.h>
| # include <stddef.h>
| #else
| # ifdef HAVE_STDLIB_H
| #  include <stdlib.h>
| # endif
| #endif
| #ifdef HAVE_STRING_H
| # if !defined STDC_HEADERS && defined HAVE_MEMORY_H
| #  include <memory.h>
| # endif
| # include <string.h>
| #endif
| #ifdef HAVE_STRINGS_H
| # include <strings.h>
| #endif
| #ifdef HAVE_INTTYPES_H
| # include <inttypes.h>
| #endif
| #ifdef HAVE_STDINT_H
| # include <stdint.h>
| #endif
| #ifdef HAVE_UNISTD_H
| # include <unistd.h>
| #endif
| int
| main ()
| {
| if (sizeof ((size_t)))
| 	    return 0;
|   ;
|   return 0;
| }
configure:15850: result: yes
configure:15861: checking for ssize_t
configure:15861: gcc -c -g -O2  conftest.c >&5
configure:15861: $? = 0
configure:15861: gcc -c -g -O2  conftest.c >&5
conftest.c: In function 'main':
conftest.c:69:22: error: expected expression before ')' token
 if (sizeof ((ssize_t)))
                      ^
configure:15861: $? = 1
configure: failed program was:
| /* confdefs.h */
| #define PACKAGE_NAME "nutcracker"
| #define PACKAGE_TARNAME "nutcracker"
| #define PACKAGE_VERSION "0.4.1"
| #define PACKAGE_STRING "nutcracker 0.4.1"
| #define PACKAGE_BUGREPORT "manj@cs.stanford.edu"
| #define PACKAGE_URL ""
| #define PACKAGE "nutcracker"
| #define VERSION "0.4.1"
| #define NC_VERSION_MAJOR 0
| #define NC_VERSION_MINOR 4
| #define NC_VERSION_PATCH 1
| #define NC_VERSION_STRING "0.4.1"
| #define STDC_HEADERS 1
| #define HAVE_SYS_TYPES_H 1
| #define HAVE_SYS_STAT_H 1
| #define HAVE_STDLIB_H 1
| #define HAVE_STRING_H 1
| #define HAVE_MEMORY_H 1
| #define HAVE_STRINGS_H 1
| #define HAVE_INTTYPES_H 1
| #define HAVE_STDINT_H 1
| #define HAVE_UNISTD_H 1
| #define HAVE_DLFCN_H 1
| #define LT_OBJDIR ".libs/"
| #define HAVE_UNSIGNED_LONG_LONG_INT 1
| #define HAVE_LONG_LONG_INT 1
| #define HAVE_INTMAX_T 1
| #define HAVE_INTPTR_T 1
| #define HAVE_UINTMAX_T 1
| #define HAVE_UINTPTR_T 1
| /* end confdefs.h.  */
| #include <stdio.h>
| #ifdef HAVE_SYS_TYPES_H
| # include <sys/types.h>
| #endif
| #ifdef HAVE_SYS_STAT_H
| # include <sys/stat.h>
| #endif
| #ifdef STDC_HEADERS
| # include <stdlib.h>
| # include <stddef.h>
| #else
| # ifdef HAVE_STDLIB_H
| #  include <stdlib.h>
| # endif
| #endif
| #ifdef HAVE_STRING_H
| # if !defined STDC_HEADERS && defined HAVE_MEMORY_H
| #  include <memory.h>
| # endif
| # include <string.h>
| #endif
| #ifdef HAVE_STRINGS_H
| # include <strings.h>
| #endif
| #ifdef HAVE_INTTYPES_H
| # include <inttypes.h>
| #endif
| #ifdef HAVE_STDINT_H
| # include <stdint.h>
| #endif
| #ifdef HAVE_UNISTD_H
| # include <unistd.h>
| #endif
| int
| main ()
| {
| if (sizeof ((ssize_t)))
| 	    return 0;
|   ;
|   return 0;
| }
configure:15861: result: yes
configure:15873: checking whether byte ordering is bigendian
configure:15888: gcc -c -g -O2  conftest.c >&5
conftest.c:34:9: error: unknown type name 'not'
         not a universal capable compiler
         ^
conftest.c:34:15: error: expected '=', ',', ';', 'asm' or '__attribute__' before 'universal'
         not a universal capable compiler
               ^
conftest.c:34:15: error: unknown type name 'universal'
configure:15888: $? = 1
configure: failed program was:
| /* confdefs.h */
| #define PACKAGE_NAME "nutcracker"
| #define PACKAGE_TARNAME "nutcracker"
| #define PACKAGE_VERSION "0.4.1"
| #define PACKAGE_STRING "nutcracker 0.4.1"
| #define PACKAGE_BUGREPORT "manj@cs.stanford.edu"
| #define PACKAGE_URL ""
| #define PACKAGE "nutcracker"
| #define VERSION "0.4.1"
| #define NC_VERSION_MAJOR 0
| #define NC_VERSION_MINOR 4
| #define NC_VERSION_PATCH 1
| #define NC_VERSION_STRING "0.4.1"
| #define STDC_HEADERS 1
| #define HAVE_SYS_TYPES_H 1
| #define HAVE_SYS_STAT_H 1
| #define HAVE_STDLIB_H 1
| #define HAVE_STRING_H 1
| #define HAVE_MEMORY_H 1
| #define HAVE_STRINGS_H 1
| #define HAVE_INTTYPES_H 1
| #define HAVE_STDINT_H 1
| #define HAVE_UNISTD_H 1
| #define HAVE_DLFCN_H 1
| #define LT_OBJDIR ".libs/"
| #define HAVE_UNSIGNED_LONG_LONG_INT 1
| #define HAVE_LONG_LONG_INT 1
| #define HAVE_INTMAX_T 1
| #define HAVE_INTPTR_T 1
| #define HAVE_UINTMAX_T 1
| #define HAVE_UINTPTR_T 1
| /* end confdefs.h.  */
| #ifndef __APPLE_CC__
| 	       not a universal capable compiler
| 	     #endif
| 	     typedef int dummy;
| 
configure:15933: gcc -c -g -O2  conftest.c >&5
configure:15933: $? = 0
configure:15951: gcc -c -g -O2  conftest.c >&5
conftest.c: In function 'main':
conftest.c:40:4: error: unknown type name 'not'
    not big endian
    ^
conftest.c:40:12: error: expected '=', ',', ';', 'asm' or '__attribute__' before 'endian'
    not big endian
            ^
configure:15951: $? = 1
configure: failed program was:
| /* confdefs.h */
| #define PACKAGE_NAME "nutcracker"
| #define PACKAGE_TARNAME "nutcracker"
| #define PACKAGE_VERSION "0.4.1"
| #define PACKAGE_STRING "nutcracker 0.4.1"
| #define PACKAGE_BUGREPORT "manj@cs.stanford.edu"
| #define PACKAGE_URL ""
| #define PACKAGE "nutcracker"
| #define VERSION "0.4.1"
| #define NC_VERSION_MAJOR 0
| #define NC_VERSION_MINOR 4
| #define NC_VERSION_PATCH 1
| #define NC_VERSION_STRING "0.4.1"
| #define STDC_HEADERS 1
| #define HAVE_SYS_TYPES_H 1
| #define HAVE_SYS_STAT_H 1
| #define HAVE_STDLIB_H 1
| #define HAVE_STRING_H 1
| #define HAVE_MEMORY_H 1
| #define HAVE_STRINGS_H 1
| #define HAVE_INTTYPES_H 1
| #define HAVE_STDINT_H 1
| #define HAVE_UNISTD_H 1
| #define HAVE_DLFCN_H 1
| #define LT_OBJDIR ".libs/"
| #define HAVE_UNSIGNED_LONG_LONG_INT 1
| #define HAVE_LONG_LONG_INT 1
| #define HAVE_INTMAX_T 1
| #define HAVE_INTPTR_T 1
| #define HAVE_UINTMAX_T 1
| #define HAVE_UINTPTR_T 1
| /* end confdefs.h.  */
| #include <sys/types.h>
| 		#include <sys/param.h>
| 
| int
| main ()
| {
| #if BYTE_ORDER != BIG_ENDIAN
| 		 not big endian
| 		#endif
| 
|   ;
|   return 0;
| }
configure:16079: result: no
configure:16099: checking for stdbool.h that conforms to C99
configure:16166: gcc -c -g -O2  conftest.c >&5
configure:16166: $? = 0
configure:16173: result: yes
configure:16175: checking for _Bool
configure:16175: gcc -c -g -O2  conftest.c >&5
configure:16175: $? = 0
configure:16175: gcc -c -g -O2  conftest.c >&5
conftest.c: In function 'main':
conftest.c:70:20: error: expected expression before ')' token
 if (sizeof ((_Bool)))
                    ^
configure:16175: $? = 1
configure: failed program was:
| /* confdefs.h */
| #define PACKAGE_NAME "nutcracker"
| #define PACKAGE_TARNAME "nutcracker"
| #define PACKAGE_VERSION "0.4.1"
| #define PACKAGE_STRING "nutcracker 0.4.1"
| #define PACKAGE_BUGREPORT "manj@cs.stanford.edu"
| #define PACKAGE_URL ""
| #define PACKAGE "nutcracker"
| #define VERSION "0.4.1"
| #define NC_VERSION_MAJOR 0
| #define NC_VERSION_MINOR 4
| #define NC_VERSION_PATCH 1
| #define NC_VERSION_STRING "0.4.1"
| #define STDC_HEADERS 1
| #define HAVE_SYS_TYPES_H 1
| #define HAVE_SYS_STAT_H 1
| #define HAVE_STDLIB_H 1
| #define HAVE_STRING_H 1
| #define HAVE_MEMORY_H 1
| #define HAVE_STRINGS_H 1
| #define HAVE_INTTYPES_H 1
| #define HAVE_STDINT_H 1
| #define HAVE_UNISTD_H 1
| #define HAVE_DLFCN_H 1
| #define LT_OBJDIR ".libs/"
| #define HAVE_UNSIGNED_LONG_LONG_INT 1
| #define HAVE_LONG_LONG_INT 1
| #define HAVE_INTMAX_T 1
| #define HAVE_INTPTR_T 1
| #define HAVE_UINTMAX_T 1
| #define HAVE_UINTPTR_T 1
| #define HAVE_LITTLE_ENDIAN 1
| /* end confdefs.h.  */
| #include <stdio.h>
| #ifdef HAVE_SYS_TYPES_H
| # include <sys/types.h>
| #endif
| #ifdef HAVE_SYS_STAT_H
| # include <sys/stat.h>
| #endif
| #ifdef STDC_HEADERS
| # include <stdlib.h>
| # include <stddef.h>
| #else
| # ifdef HAVE_STDLIB_H
| #  include <stdlib.h>
| # endif
| #endif
| #ifdef HAVE_STRING_H
| # if !defined STDC_HEADERS && defined HAVE_MEMORY_H
| #  include <memory.h>
| # endif
| # include <string.h>
| #endif
| #ifdef HAVE_STRINGS_H
| # include <strings.h>
| #endif
| #ifdef HAVE_INTTYPES_H
| # include <inttypes.h>
| #endif
| #ifdef HAVE_STDINT_H
| # include <stdint.h>
| #endif
| #ifdef HAVE_UNISTD_H
| # include <unistd.h>
| #endif
| int
| main ()
| {
| if (sizeof ((_Bool)))
| 	    return 0;
|   ;
|   return 0;
| }
configure:16175: result: yes
configure:16195: checking fcntl.h usability
configure:16195: gcc -c -g -O2  conftest.c >&5
configure:16195: $? = 0
configure:16195: result: yes
configure:16195: checking fcntl.h presence
configure:16195: gcc -E  conftest.c
configure:16195: $? = 0
configure:16195: result: yes
configure:16195: checking for fcntl.h
configure:16195: result: yes
configure:16195: checking float.h usability
configure:16195: gcc -c -g -O2  conftest.c >&5
configure:16195: $? = 0
configure:16195: result: yes
configure:16195: checking float.h presence
configure:16195: gcc -E  conftest.c
configure:16195: $? = 0
configure:16195: result: yes
configure:16195: checking for float.h
configure:16195: result: yes
configure:16195: checking limits.h usability
configure:16195: gcc -c -g -O2  conftest.c >&5
configure:16195: $? = 0
configure:16195: result: yes
configure:16195: checking limits.h presence
configure:16195: gcc -E  conftest.c
configure:16195: $? = 0
configure:16195: result: yes
configure:16195: checking for limits.h
configure:16195: result: yes
configure:16195: checking stddef.h usability
configure:16195: gcc -c -g -O2  conftest.c >&5
configure:16195: $? = 0
configure:16195: result: yes
configure:16195: checking stddef.h presence
configure:16195: gcc -E  conftest.c
configure:16195: $? = 0
configure:16195: result: yes
configure:16195: checking for stddef.h
configure:16195: result: yes
configure:16195: checking for stdlib.h
configure:16195: result: yes
configure:16195: checking for string.h
configure:16195: result: yes
configure:16195: checking for unistd.h
configure:16195: result: yes
configure:16208: checking for inttypes.h
configure:16208: result: yes
configure:16208: checking for stdint.h
configure:16208: result: yes
configure:16221: checking sys/ioctl.h usability
configure:16221: gcc -c -g -O2  conftest.c >&5
configure:16221: $? = 0
configure:16221: result: yes
configure:16221: checking sys/ioctl.h presence
configure:16221: gcc -E  conftest.c
configure:16221: $? = 0
configure:16221: result: yes
configure:16221: checking for sys/ioctl.h
configure:16221: result: yes
configure:16221: checking sys/time.h usability
configure:16221: gcc -c -g -O2  conftest.c >&5
configure:16221: $? = 0
configure:16221: result: yes
configure:16221: checking sys/time.h presence
configure:16221: gcc -E  conftest.c
configure:16221: $? = 0
configure:16221: result: yes
configure:16221: checking for sys/time.h
configure:16221: result: yes
configure:16221: checking sys/uio.h usability
configure:16221: gcc -c -g -O2  conftest.c >&5
configure:16221: $? = 0
configure:16221: result: yes
configure:16221: checking sys/uio.h presence
configure:16221: gcc -E  conftest.c
configure:16221: $? = 0
configure:16221: result: yes
configure:16221: checking for sys/uio.h
configure:16221: result: yes
configure:16234: checking sys/socket.h usability
configure:16234: gcc -c -g -O2  conftest.c >&5
configure:16234: $? = 0
configure:16234: result: yes
configure:16234: checking sys/socket.h presence
configure:16234: gcc -E  conftest.c
configure:16234: $? = 0
configure:16234: result: yes
configure:16234: checking for sys/socket.h
configure:16234: result: yes
configure:16234: checking sys/un.h usability
configure:16234: gcc -c -g -O2  conftest.c >&5
configure:16234: $? = 0
configure:16234: result: yes
configure:16234: checking sys/un.h presence
configure:16234: gcc -E  conftest.c
configure:16234: $? = 0
configure:16234: result: yes
configure:16234: checking for sys/un.h
configure:16234: result: yes
configure:16234: checking netinet/in.h usability
configure:16234: gcc -c -g -O2  conftest.c >&5
configure:16234: $? = 0
configure:16234: result: yes
configure:16234: checking netinet/in.h presence
configure:16234: gcc -E  conftest.c
configure:16234: $? = 0
configure:16234: result: yes
configure:16234: checking for netinet/in.h
configure:16234: result: yes
configure:16234: checking arpa/inet.h usability
configure:16234: gcc -c -g -O2  conftest.c >&5
configure:16234: $? = 0
configure:16234: result: yes
configure:16234: checking arpa/inet.h presence
configure:16234: gcc -E  conftest.c
configure:16234: $? = 0
configure:16234: result: yes
configure:16234: checking for arpa/inet.h
configure:16234: result: yes
configure:16234: checking netdb.h usability
configure:16234: gcc -c -g -O2  conftest.c >&5
configure:16234: $? = 0
configure:16234: result: yes
configure:16234: checking netdb.h presence
configure:16234: gcc -E  conftest.c
configure:16234: $? = 0
configure:16234: result: yes
configure:16234: checking for netdb.h
configure:16234: result: yes
configure:16246: checking execinfo.h usability
configure:16246: gcc -c -g -O2  conftest.c >&5
configure:16246: $? = 0
configure:16246: result: yes
configure:16246: checking execinfo.h presence
configure:16246: gcc -E  conftest.c
configure:16246: $? = 0
configure:16246: result: yes
configure:16246: checking for execinfo.h
configure:16246: result: yes
configure:16260: checking sys/epoll.h usability
configure:16260: gcc -c -g -O2  conftest.c >&5
configure:16260: $? = 0
configure:16260: result: yes
configure:16260: checking sys/epoll.h presence
configure:16260: gcc -E  conftest.c
configure:16260: $? = 0
configure:16260: result: yes
configure:16260: checking for sys/epoll.h
configure:16260: result: yes
configure:16272: checking sys/event.h usability
configure:16272: gcc -c -g -O2  conftest.c >&5
conftest.c:89:23: fatal error: sys/event.h: No such file or directory
 #include <sys/event.h>
                       ^
compilation terminated.
configure:16272: $? = 1
configure: failed program was:
| /* confdefs.h */
| #define PACKAGE_NAME "nutcracker"
| #define PACKAGE_TARNAME "nutcracker"
| #define PACKAGE_VERSION "0.4.1"
| #define PACKAGE_STRING "nutcracker 0.4.1"
| #define PACKAGE_BUGREPORT "manj@cs.stanford.edu"
| #define PACKAGE_URL ""
| #define PACKAGE "nutcracker"
| #define VERSION "0.4.1"
| #define NC_VERSION_MAJOR 0
| #define NC_VERSION_MINOR 4
| #define NC_VERSION_PATCH 1
| #define NC_VERSION_STRING "0.4.1"
| #define STDC_HEADERS 1
| #define HAVE_SYS_TYPES_H 1
| #define HAVE_SYS_STAT_H 1
| #define HAVE_STDLIB_H 1
| #define HAVE_STRING_H 1
| #define HAVE_MEMORY_H 1
| #define HAVE_STRINGS_H 1
| #define HAVE_INTTYPES_H 1
| #define HAVE_STDINT_H 1
| #define HAVE_UNISTD_H 1
| #define HAVE_DLFCN_H 1
| #define LT_OBJDIR ".libs/"
| #define HAVE_UNSIGNED_LONG_LONG_INT 1
| #define HAVE_LONG_LONG_INT 1
| #define HAVE_INTMAX_T 1
| #define HAVE_INTPTR_T 1
| #define HAVE_UINTMAX_T 1
| #define HAVE_UINTPTR_T 1
| #define HAVE_LITTLE_ENDIAN 1
| #define HAVE__BOOL 1
| #define HAVE_STDBOOL_H 1
| #define HAVE_FCNTL_H 1
| #define HAVE_FLOAT_H 1
| #define HAVE_LIMITS_H 1
| #define HAVE_STDDEF_H 1
| #define HAVE_STDLIB_H 1
| #define HAVE_STRING_H 1
| #define HAVE_UNISTD_H 1
| #define HAVE_INTTYPES_H 1
| #define HAVE_STDINT_H 1
| #define HAVE_SYS_IOCTL_H 1
| #define HAVE_SYS_TIME_H 1
| #define HAVE_SYS_UIO_H 1
| #define HAVE_SYS_SOCKET_H 1
| #define HAVE_SYS_UN_H 1
| #define HAVE_NETINET_IN_H 1
| #define HAVE_ARPA_INET_H 1
| #define HAVE_NETDB_H 1
| #define HAVE_EXECINFO_H 1
| #define HAVE_BACKTRACE 1
| #define HAVE_SYS_EPOLL_H 1
| /* end confdefs.h.  */
| #include <stdio.h>
| #ifdef HAVE_SYS_TYPES_H
| # include <sys/types.h>
| #endif
| #ifdef HAVE_SYS_STAT_H
| # include <sys/stat.h>
| #endif
| #ifdef STDC_HEADERS
| # include <stdlib.h>
| # include <stddef.h>
| #else
| # ifdef HAVE_STDLIB_H
| #  include <stdlib.h>
| # endif
| #endif
| #ifdef HAVE_STRING_H
| # if !defined STDC_HEADERS && defined HAVE_MEMORY_H
| #  include <memory.h>
| # endif
| # include <string.h>
| #endif
| #ifdef HAVE_STRINGS_H
| # include <strings.h>
| #endif
| #ifdef HAVE_INTTYPES_H
| # include <inttypes.h>
| #endif
| #ifdef HAVE_STDINT_H
| # include <stdint.h>
| #endif
| #ifdef HAVE_UNISTD_H
| # include <unistd.h>
| #endif
| #include <sys/event.h>
configure:16272: result: no
configure:16272: checking sys/event.h presence
configure:16272: gcc -E  conftest.c
conftest.c:56:23: fatal error: sys/event.h: No such file or directory
 #include <sys/event.h>
                       ^
compilation terminated.
configure:16272: $? = 1
configure: failed program was:
| /* confdefs.h */
| #define PACKAGE_NAME "nutcracker"
| #define PACKAGE_TARNAME "nutcracker"
| #define PACKAGE_VERSION "0.4.1"
| #define PACKAGE_STRING "nutcracker 0.4.1"
| #define PACKAGE_BUGREPORT "manj@cs.stanford.edu"
| #define PACKAGE_URL ""
| #define PACKAGE "nutcracker"
| #define VERSION "0.4.1"
| #define NC_VERSION_MAJOR 0
| #define NC_VERSION_MINOR 4
| #define NC_VERSION_PATCH 1
| #define NC_VERSION_STRING "0.4.1"
| #define STDC_HEADERS 1
| #define HAVE_SYS_TYPES_H 1
| #define HAVE_SYS_STAT_H 1
| #define HAVE_STDLIB_H 1
| #define HAVE_STRING_H 1
| #define HAVE_MEMORY_H 1
| #define HAVE_STRINGS_H 1
| #define HAVE_INTTYPES_H 1
| #define HAVE_STDINT_H 1
| #define HAVE_UNISTD_H 1
| #define HAVE_DLFCN_H 1
| #define LT_OBJDIR ".libs/"
| #define HAVE_UNSIGNED_LONG_LONG_INT 1
| #define HAVE_LONG_LONG_INT 1
| #define HAVE_INTMAX_T 1
| #define HAVE_INTPTR_T 1
| #define HAVE_UINTMAX_T 1
| #define HAVE_UINTPTR_T 1
| #define HAVE_LITTLE_ENDIAN 1
| #define HAVE__BOOL 1
| #define HAVE_STDBOOL_H 1
| #define HAVE_FCNTL_H 1
| #define HAVE_FLOAT_H 1
| #define HAVE_LIMITS_H 1
| #define HAVE_STDDEF_H 1
| #define HAVE_STDLIB_H 1
| #define HAVE_STRING_H 1
| #define HAVE_UNISTD_H 1
| #define HAVE_INTTYPES_H 1
| #define HAVE_STDINT_H 1
| #define HAVE_SYS_IOCTL_H 1
| #define HAVE_SYS_TIME_H 1
| #define HAVE_SYS_UIO_H 1
| #define HAVE_SYS_SOCKET_H 1
| #define HAVE_SYS_UN_H 1
| #define HAVE_NETINET_IN_H 1
| #define HAVE_ARPA_INET_H 1
| #define HAVE_NETDB_H 1
| #define HAVE_EXECINFO_H 1
| #define HAVE_BACKTRACE 1
| #define HAVE_SYS_EPOLL_H 1
| /* end confdefs.h.  */
| #include <sys/event.h>
configure:16272: result: no
configure:16272: checking for sys/event.h
configure:16272: result: no
configure:16284: checking for pow in -lm
configure:16309: gcc -o conftest -g -O2   conftest.c -lm   >&5
conftest.c:63:6: warning: conflicting types for built-in function 'pow' [enabled by default]
 char pow ();
      ^
configure:16309: $? = 0
configure:16318: result: yes
configure:16329: checking for pthread_create in -lpthread
configure:16354: gcc -o conftest -g -O2   conftest.c -lpthread  -lm  >&5
configure:16354: $? = 0
configure:16363: result: yes
configure:16378: checking vfork.h usability
configure:16378: gcc -c -g -O2  conftest.c >&5
conftest.c:91:19: fatal error: vfork.h: No such file or directory
 #include <vfork.h>
                   ^
compilation terminated.
configure:16378: $? = 1
configure: failed program was:
| /* confdefs.h */
| #define PACKAGE_NAME "nutcracker"
| #define PACKAGE_TARNAME "nutcracker"
| #define PACKAGE_VERSION "0.4.1"
| #define PACKAGE_STRING "nutcracker 0.4.1"
| #define PACKAGE_BUGREPORT "manj@cs.stanford.edu"
| #define PACKAGE_URL ""
| #define PACKAGE "nutcracker"
| #define VERSION "0.4.1"
| #define NC_VERSION_MAJOR 0
| #define NC_VERSION_MINOR 4
| #define NC_VERSION_PATCH 1
| #define NC_VERSION_STRING "0.4.1"
| #define STDC_HEADERS 1
| #define HAVE_SYS_TYPES_H 1
| #define HAVE_SYS_STAT_H 1
| #define HAVE_STDLIB_H 1
| #define HAVE_STRING_H 1
| #define HAVE_MEMORY_H 1
| #define HAVE_STRINGS_H 1
| #define HAVE_INTTYPES_H 1
| #define HAVE_STDINT_H 1
| #define HAVE_UNISTD_H 1
| #define HAVE_DLFCN_H 1
| #define LT_OBJDIR ".libs/"
| #define HAVE_UNSIGNED_LONG_LONG_INT 1
| #define HAVE_LONG_LONG_INT 1
| #define HAVE_INTMAX_T 1
| #define HAVE_INTPTR_T 1
| #define HAVE_UINTMAX_T 1
| #define HAVE_UINTPTR_T 1
| #define HAVE_LITTLE_ENDIAN 1
| #define HAVE__BOOL 1
| #define HAVE_STDBOOL_H 1
| #define HAVE_FCNTL_H 1
| #define HAVE_FLOAT_H 1
| #define HAVE_LIMITS_H 1
| #define HAVE_STDDEF_H 1
| #define HAVE_STDLIB_H 1
| #define HAVE_STRING_H 1
| #define HAVE_UNISTD_H 1
| #define HAVE_INTTYPES_H 1
| #define HAVE_STDINT_H 1
| #define HAVE_SYS_IOCTL_H 1
| #define HAVE_SYS_TIME_H 1
| #define HAVE_SYS_UIO_H 1
| #define HAVE_SYS_SOCKET_H 1
| #define HAVE_SYS_UN_H 1
| #define HAVE_NETINET_IN_H 1
| #define HAVE_ARPA_INET_H 1
| #define HAVE_NETDB_H 1
| #define HAVE_EXECINFO_H 1
| #define HAVE_BACKTRACE 1
| #define HAVE_SYS_EPOLL_H 1
| #define HAVE_LIBM 1
| #define HAVE_LIBPTHREAD 1
| /* end confdefs.h.  */
| #include <stdio.h>
| #ifdef HAVE_SYS_TYPES_H
| # include <sys/types.h>
| #endif
| #ifdef HAVE_SYS_STAT_H
| # include <sys/stat.h>
| #endif
| #ifdef STDC_HEADERS
| # include <stdlib.h>
| # include <stddef.h>
| #else
| # ifdef HAVE_STDLIB_H
| #  include <stdlib.h>
| # endif
| #endif
| #ifdef HAVE_STRING_H
| # if !defined STDC_HEADERS && defined HAVE_MEMORY_H
| #  include <memory.h>
| # endif
| # include <string.h>
| #endif
| #ifdef HAVE_STRINGS_H
| # include <strings.h>
| #endif
| #ifdef HAVE_INTTYPES_H
| # include <inttypes.h>
| #endif
| #ifdef HAVE_STDINT_H
| # include <stdint.h>
| #endif
| #ifdef HAVE_UNISTD_H
| # include <unistd.h>
| #endif
| #include <vfork.h>
configure:16378: result: no
configure:16378: checking vfork.h presence
configure:16378: gcc -E  conftest.c
conftest.c:58:19: fatal error: vfork.h: No such file or directory
 #include <vfork.h>
                   ^
compilation terminated.
configure:16378: $? = 1
configure: failed program was:
| /* confdefs.h */
| #define PACKAGE_NAME "nutcracker"
| #define PACKAGE_TARNAME "nutcracker"
| #define PACKAGE_VERSION "0.4.1"
| #define PACKAGE_STRING "nutcracker 0.4.1"
| #define PACKAGE_BUGREPORT "manj@cs.stanford.edu"
| #define PACKAGE_URL ""
| #define PACKAGE "nutcracker"
| #define VERSION "0.4.1"
| #define NC_VERSION_MAJOR 0
| #define NC_VERSION_MINOR 4
| #define NC_VERSION_PATCH 1
| #define NC_VERSION_STRING "0.4.1"
| #define STDC_HEADERS 1
| #define HAVE_SYS_TYPES_H 1
| #define HAVE_SYS_STAT_H 1
| #define HAVE_STDLIB_H 1
| #define HAVE_STRING_H 1
| #define HAVE_MEMORY_H 1
| #define HAVE_STRINGS_H 1
| #define HAVE_INTTYPES_H 1
| #define HAVE_STDINT_H 1
| #define HAVE_UNISTD_H 1
| #define HAVE_DLFCN_H 1
| #define LT_OBJDIR ".libs/"
| #define HAVE_UNSIGNED_LONG_LONG_INT 1
| #define HAVE_LONG_LONG_INT 1
| #define HAVE_INTMAX_T 1
| #define HAVE_INTPTR_T 1
| #define HAVE_UINTMAX_T 1
| #define HAVE_UINTPTR_T 1
| #define HAVE_LITTLE_ENDIAN 1
| #define HAVE__BOOL 1
| #define HAVE_STDBOOL_H 1
| #define HAVE_FCNTL_H 1
| #define HAVE_FLOAT_H 1
| #define HAVE_LIMITS_H 1
| #define HAVE_STDDEF_H 1
| #define HAVE_STDLIB_H 1
| #define HAVE_STRING_H 1
| #define HAVE_UNISTD_H 1
| #define HAVE_INTTYPES_H 1
| #define HAVE_STDINT_H 1
| #define HAVE_SYS_IOCTL_H 1
| #define HAVE_SYS_TIME_H 1
| #define HAVE_SYS_UIO_H 1
| #define HAVE_SYS_SOCKET_H 1
| #define HAVE_SYS_UN_H 1
| #define HAVE_NETINET_IN_H 1
| #define HAVE_ARPA_INET_H 1
| #define HAVE_NETDB_H 1
| #define HAVE_EXECINFO_H 1
| #define HAVE_BACKTRACE 1
| #define HAVE_SYS_EPOLL_H 1
| #define HAVE_LIBM 1
| #define HAVE_LIBPTHREAD 1
| /* end confdefs.h.  */
| #include <vfork.h>
configure:16378: result: no
configure:16378: checking for vfork.h
configure:16378: result: no
configure:16391: checking for fork
configure:16391: gcc -o conftest -g -O2   conftest.c -lpthread -lm  >&5
conftest.c:81:6: warning: conflicting types for built-in function 'fork' [enabled by default]
 char fork ();
      ^
configure:16391: $? = 0
configure:16391: result: yes
configure:16391: checking for vfork
configure:16391: gcc -o conftest -g -O2   conftest.c -lpthread -lm  >&5
configure:16391: $? = 0
configure:16391: result: yes
configure:16401: checking for working fork
configure:16423: gcc -o conftest -g -O2   conftest.c -lpthread -lm  >&5
configure:16423: $? = 0
configure:16423: ./conftest
configure:16423: $? = 0
configure:16433: result: yes
configure:16454: checking for working vfork
configure:16564: result: yes
configure:16591: checking for stdlib.h
configure:16591: result: yes
configure:16601: checking for GNU libc compatible malloc
configure:16625: gcc -o conftest -g -O2   conftest.c -lpthread -lm  >&5
configure:16625: $? = 0
configure:16625: ./conftest
configure:16625: $? = 0
configure:16635: result: yes
configure:16658: checking for stdlib.h
configure:16658: result: yes
configure:16668: checking for GNU libc compatible realloc
configure:16692: gcc -o conftest -g -O2   conftest.c -lpthread -lm  >&5
configure:16692: $? = 0
configure:16692: ./conftest
configure:16692: $? = 0
configure:16702: result: yes
configure:16726: checking for dup2
configure:16726: gcc -o conftest -g -O2   conftest.c -lpthread -lm  >&5
configure:16726: $? = 0
configure:16726: result: yes
configure:16726: checking for gethostname
configure:16726: gcc -o conftest -g -O2   conftest.c -lpthread -lm  >&5
configure:16726: $? = 0
configure:16726: result: yes
configure:16726: checking for gettimeofday
configure:16726: gcc -o conftest -g -O2   conftest.c -lpthread -lm  >&5
configure:16726: $? = 0
configure:16726: result: yes
configure:16726: checking for strerror
configure:16726: gcc -o conftest -g -O2   conftest.c -lpthread -lm  >&5
configure:16726: $? = 0
configure:16726: result: yes
configure:16737: checking for socket
configure:16737: gcc -o conftest -g -O2   conftest.c -lpthread -lm  >&5
configure:16737: $? = 0
configure:16737: result: yes
configure:16749: checking for memchr
configure:16749: gcc -o conftest -g -O2   conftest.c -lpthread -lm  >&5
conftest.c:94:6: warning: conflicting types for built-in function 'memchr' [enabled by default]
 char memchr ();
      ^
configure:16749: $? = 0
configure:16749: result: yes
configure:16749: checking for memmove
configure:16749: gcc -o conftest -g -O2   conftest.c -lpthread -lm  >&5
conftest.c:95:6: warning: conflicting types for built-in function 'memmove' [enabled by default]
 char memmove ();
      ^
configure:16749: $? = 0
configure:16749: result: yes
configure:16749: checking for memset
configure:16749: gcc -o conftest -g -O2   conftest.c -lpthread -lm  >&5
conftest.c:96:6: warning: conflicting types for built-in function 'memset' [enabled by default]
 char memset ();
      ^
configure:16749: $? = 0
configure:16749: result: yes
configure:16761: checking for strchr
configure:16761: gcc -o conftest -g -O2   conftest.c -lpthread -lm  >&5
conftest.c:97:6: warning: conflicting types for built-in function 'strchr' [enabled by default]
 char strchr ();
      ^
configure:16761: $? = 0
configure:16761: result: yes
configure:16761: checking for strndup
configure:16761: gcc -o conftest -g -O2   conftest.c -lpthread -lm  >&5
conftest.c:98:6: warning: conflicting types for built-in function 'strndup' [enabled by default]
 char strndup ();
      ^
configure:16761: $? = 0
configure:16761: result: yes
configure:16761: checking for strtoul
configure:16761: gcc -o conftest -g -O2   conftest.c -lpthread -lm  >&5
configure:16761: $? = 0
configure:16761: result: yes
configure:16771: checking if epoll works
configure:16802: gcc -o conftest -g -O2   conftest.c -lpthread -lm  >&5
configure:16802: $? = 0
configure:16802: ./conftest
configure:16802: $? = 0
configure:16812: result: yes
configure:16820: checking if kqueue works
configure:16853: gcc -o conftest -g -O2   conftest.c -lpthread -lm  >&5
conftest.c:82:23: fatal error: sys/event.h: No such file or directory
 #include <sys/event.h>
                       ^
compilation terminated.
configure:16853: $? = 1
configure: program exited with status 1
configure: failed program was:
| /* confdefs.h */
| #define PACKAGE_NAME "nutcracker"
| #define PACKAGE_TARNAME "nutcracker"
| #define PACKAGE_VERSION "0.4.1"
| #define PACKAGE_STRING "nutcracker 0.4.1"
| #define PACKAGE_BUGREPORT "manj@cs.stanford.edu"
| #define PACKAGE_URL ""
| #define PACKAGE "nutcracker"
| #define VERSION "0.4.1"
| #define NC_VERSION_MAJOR 0
| #define NC_VERSION_MINOR 4
| #define NC_VERSION_PATCH 1
| #define NC_VERSION_STRING "0.4.1"
| #define STDC_HEADERS 1
| #define HAVE_SYS_TYPES_H 1
| #define HAVE_SYS_STAT_H 1
| #define HAVE_STDLIB_H 1
| #define HAVE_STRING_H 1
| #define HAVE_MEMORY_H 1
| #define HAVE_STRINGS_H 1
| #define HAVE_INTTYPES_H 1
| #define HAVE_STDINT_H 1
| #define HAVE_UNISTD_H 1
| #define HAVE_DLFCN_H 1
| #define LT_OBJDIR ".libs/"
| #define HAVE_UNSIGNED_LONG_LONG_INT 1
| #define HAVE_LONG_LONG_INT 1
| #define HAVE_INTMAX_T 1
| #define HAVE_INTPTR_T 1
| #define HAVE_UINTMAX_T 1
| #define HAVE_UINTPTR_T 1
| #define HAVE_LITTLE_ENDIAN 1
| #define HAVE__BOOL 1
| #define HAVE_STDBOOL_H 1
| #define HAVE_FCNTL_H 1
| #define HAVE_FLOAT_H 1
| #define HAVE_LIMITS_H 1
| #define HAVE_STDDEF_H 1
| #define HAVE_STDLIB_H 1
| #define HAVE_STRING_H 1
| #define HAVE_UNISTD_H 1
| #define HAVE_INTTYPES_H 1
| #define HAVE_STDINT_H 1
| #define HAVE_SYS_IOCTL_H 1
| #define HAVE_SYS_TIME_H 1
| #define HAVE_SYS_UIO_H 1
| #define HAVE_SYS_SOCKET_H 1
| #define HAVE_SYS_UN_H 1
| #define HAVE_NETINET_IN_H 1
| #define HAVE_ARPA_INET_H 1
| #define HAVE_NETDB_H 1
| #define HAVE_EXECINFO_H 1
| #define HAVE_BACKTRACE 1
| #define HAVE_SYS_EPOLL_H 1
| #define HAVE_LIBM 1
| #define HAVE_LIBPTHREAD 1
| #define HAVE_FORK 1
| #define HAVE_VFORK 1
| #define HAVE_WORKING_VFORK 1
| #define HAVE_WORKING_FORK 1
| #define HAVE_STDLIB_H 1
| #define HAVE_MALLOC 1
| #define HAVE_STDLIB_H 1
| #define HAVE_REALLOC 1
| #define HAVE_DUP2 1
| #define HAVE_GETHOSTNAME 1
| #define HAVE_GETTIMEOFDAY 1
| #define HAVE_STRERROR 1
| #define HAVE_SOCKET 1
| #define HAVE_MEMCHR 1
| #define HAVE_MEMMOVE 1
| #define HAVE_MEMSET 1
| #define HAVE_STRCHR 1
| #define HAVE_STRNDUP 1
| #define HAVE_STRTOUL 1
| #define HAVE_EPOLL 1
| /* end confdefs.h.  */
| 
| #include <stdio.h>
| #include <stdlib.h>
| #include <sys/types.h>
| #include <sys/event.h>
| #include <sys/time.h>
| int
| main(int argc, char **argv)
| {
|     int fd;
| 
|     fd = kqueue();
|     if (fd < 0) {
|         perror("kqueue:");
|         exit(1);
|     }
|     exit(0);
| }
| 
configure:16863: result: no
configure:16871: checking if event ports works
configure:16902: gcc -o conftest -g -O2   conftest.c -lpthread -lm  >&5
conftest.c:81:18: fatal error: port.h: No such file or directory
 #include <port.h>
                  ^
compilation terminated.
configure:16902: $? = 1
configure: program exited with status 1
configure: failed program was:
| /* confdefs.h */
| #define PACKAGE_NAME "nutcracker"
| #define PACKAGE_TARNAME "nutcracker"
| #define PACKAGE_VERSION "0.4.1"
| #define PACKAGE_STRING "nutcracker 0.4.1"
| #define PACKAGE_BUGREPORT "manj@cs.stanford.edu"
| #define PACKAGE_URL ""
| #define PACKAGE "nutcracker"
| #define VERSION "0.4.1"
| #define NC_VERSION_MAJOR 0
| #define NC_VERSION_MINOR 4
| #define NC_VERSION_PATCH 1
| #define NC_VERSION_STRING "0.4.1"
| #define STDC_HEADERS 1
| #define HAVE_SYS_TYPES_H 1
| #define HAVE_SYS_STAT_H 1
| #define HAVE_STDLIB_H 1
| #define HAVE_STRING_H 1
| #define HAVE_MEMORY_H 1
| #define HAVE_STRINGS_H 1
| #define HAVE_INTTYPES_H 1
| #define HAVE_STDINT_H 1
| #define HAVE_UNISTD_H 1
| #define HAVE_DLFCN_H 1
| #define LT_OBJDIR ".libs/"
| #define HAVE_UNSIGNED_LONG_LONG_INT 1
| #define HAVE_LONG_LONG_INT 1
| #define HAVE_INTMAX_T 1
| #define HAVE_INTPTR_T 1
| #define HAVE_UINTMAX_T 1
| #define HAVE_UINTPTR_T 1
| #define HAVE_LITTLE_ENDIAN 1
| #define HAVE__BOOL 1
| #define HAVE_STDBOOL_H 1
| #define HAVE_FCNTL_H 1
| #define HAVE_FLOAT_H 1
| #define HAVE_LIMITS_H 1
| #define HAVE_STDDEF_H 1
| #define HAVE_STDLIB_H 1
| #define HAVE_STRING_H 1
| #define HAVE_UNISTD_H 1
| #define HAVE_INTTYPES_H 1
| #define HAVE_STDINT_H 1
| #define HAVE_SYS_IOCTL_H 1
| #define HAVE_SYS_TIME_H 1
| #define HAVE_SYS_UIO_H 1
| #define HAVE_SYS_SOCKET_H 1
| #define HAVE_SYS_UN_H 1
| #define HAVE_NETINET_IN_H 1
| #define HAVE_ARPA_INET_H 1
| #define HAVE_NETDB_H 1
| #define HAVE_EXECINFO_H 1
| #define HAVE_BACKTRACE 1
| #define HAVE_SYS_EPOLL_H 1
| #define HAVE_LIBM 1
| #define HAVE_LIBPTHREAD 1
| #define HAVE_FORK 1
| #define HAVE_VFORK 1
| #define HAVE_WORKING_VFORK 1
| #define HAVE_WORKING_FORK 1
| #define HAVE_STDLIB_H 1
| #define HAVE_MALLOC 1
| #define HAVE_STDLIB_H 1
| #define HAVE_REALLOC 1
| #define HAVE_DUP2 1
| #define HAVE_GETHOSTNAME 1
| #define HAVE_GETTIMEOFDAY 1
| #define HAVE_STRERROR 1
| #define HAVE_SOCKET 1
| #define HAVE_MEMCHR 1
| #define HAVE_MEMMOVE 1
| #define HAVE_MEMSET 1
| #define HAVE_STRCHR 1
| #define HAVE_STRNDUP 1
| #define HAVE_STRTOUL 1
| #define HAVE_EPOLL 1
| /* end confdefs.h.  */
| 
| #include <stdio.h>
| #include <stdlib.h>
| #include <port.h>
| int
| main(int argc, char **argv)
| {
|     int fd;
| 
|     fd = port_create();
|     if (fd < 0) {
|         perror("port_create:");
|         exit(1);
|     }
|     exit(0);
| }
| 
configure:16912: result: no
configure:16960: checking whether to enable debug logs and asserts
configure:16998: result: no
configure:17001: checking whether to disable stats
configure:17017: result: no
configure:17145: checking that generated files are newer than configure
configure:17151: result: done
configure:17197: creating ./config.status

## ---------------------- ##
## Running config.status. ##
## ---------------------- ##

This file was extended by nutcracker config.status 0.4.1, which was
generated by GNU Autoconf 2.69.  Invocation command line was

  CONFIG_FILES    = 
  CONFIG_HEADERS  = 
  CONFIG_LINKS    = 
  CONFIG_COMMANDS = 
  $ ./config.status 

on localhost.localdomain

config.status:1213: creating Makefile
config.status:1213: creating contrib/Makefile
config.status:1213: creating src/Makefile
config.status:1213: creating src/hashkit/Makefile
config.status:1213: creating src/proto/Makefile
config.status:1213: creating src/event/Makefile
config.status:1213: creating config.h
config.status:1442: executing depfiles commands
config.status:1442: executing libtool commands
configure:19757: === configuring in contrib/yaml-0.1.4 (/home/work/twemproxy/contrib/yaml-0.1.4)
configure:19820: running /bin/sh ./configure --disable-option-checking '--prefix=/usr/local'  --cache-file=/dev/null --srcdir=.
configure:19757: === configuring in contrib/zookeeper-3.4.6 (/home/work/twemproxy/contrib/zookeeper-3.4.6)
configure:19820: running /bin/sh ./configure --disable-option-checking '--prefix=/usr/local'  --cache-file=/dev/null --srcdir=.
configure:19757: === configuring in contrib/json-c-0.12.99 (/home/work/twemproxy/contrib/json-c-0.12.99)
configure:19820: running /bin/sh ./configure --disable-option-checking '--prefix=/usr/local'  --cache-file=/dev/null --srcdir=.

## ---------------- ##
## Cache variables. ##
## ---------------- ##

ac_cv_build=x86_64-unknown-linux-gnu
ac_cv_c_bigendian=no
ac_cv_c_compiler_gnu=yes
ac_cv_c_inline=inline
ac_cv_c_int16_t=yes
ac_cv_c_int32_t=yes
ac_cv_c_int64_t=yes
ac_cv_c_int8_t=yes
ac_cv_c_uint16_t=yes
ac_cv_c_uint32_t=yes
ac_cv_c_uint64_t=yes
ac_cv_c_uint8_t=yes
ac_cv_cxx_compiler_gnu=yes
ac_cv_env_CCC_set=
ac_cv_env_CCC_value=
ac_cv_env_CC_set=
ac_cv_env_CC_value=
ac_cv_env_CFLAGS_set=
ac_cv_env_CFLAGS_value=
ac_cv_env_CPPFLAGS_set=
ac_cv_env_CPPFLAGS_value=
ac_cv_env_CPP_set=
ac_cv_env_CPP_value=
ac_cv_env_CXXCPP_set=
ac_cv_env_CXXCPP_value=
ac_cv_env_CXXFLAGS_set=
ac_cv_env_CXXFLAGS_value=
ac_cv_env_CXX_set=
ac_cv_env_CXX_value=
ac_cv_env_LDFLAGS_set=
ac_cv_env_LDFLAGS_value=
ac_cv_env_LIBS_set=
ac_cv_env_LIBS_value=
ac_cv_env_build_alias_set=
ac_cv_env_build_alias_value=
ac_cv_env_host_alias_set=
ac_cv_env_host_alias_value=
ac_cv_env_target_alias_set=
ac_cv_env_target_alias_value=
ac_cv_epoll_works=yes
ac_cv_evports_works=no
ac_cv_func_dup2=yes
ac_cv_func_fork=yes
ac_cv_func_fork_works=yes
ac_cv_func_gethostname=yes
ac_cv_func_gettimeofday=yes
ac_cv_func_malloc_0_nonnull=yes
ac_cv_func_memchr=yes
ac_cv_func_memmove=yes
ac_cv_func_memset=yes
ac_cv_func_realloc_0_nonnull=yes
ac_cv_func_socket=yes
ac_cv_func_strchr=yes
ac_cv_func_strerror=yes
ac_cv_func_strndup=yes
ac_cv_func_strtoul=yes
ac_cv_func_vfork=yes
ac_cv_func_vfork_works=yes
ac_cv_header_arpa_inet_h=yes
ac_cv_header_dlfcn_h=yes
ac_cv_header_execinfo_h=yes
ac_cv_header_fcntl_h=yes
ac_cv_header_float_h=yes
ac_cv_header_inttypes_h=yes
ac_cv_header_limits_h=yes
ac_cv_header_memory_h=yes
ac_cv_header_netdb_h=yes
ac_cv_header_netinet_in_h=yes
ac_cv_header_stdbool_h=yes
ac_cv_header_stdc=yes
ac_cv_header_stddef_h=yes
ac_cv_header_stdint_h=yes
ac_cv_header_stdlib_h=yes
ac_cv_header_string_h=yes
ac_cv_header_strings_h=yes
ac_cv_header_sys_epoll_h=yes
ac_cv_header_sys_event_h=no
ac_cv_header_sys_ioctl_h=yes
ac_cv_header_sys_socket_h=yes
ac_cv_header_sys_stat_h=yes
ac_cv_header_sys_time_h=yes
ac_cv_header_sys_types_h=yes
ac_cv_header_sys_uio_h=yes
ac_cv_header_sys_un_h=yes
ac_cv_header_unistd_h=yes
ac_cv_header_vfork_h=no
ac_cv_host=x86_64-unknown-linux-gnu
ac_cv_kqueue_works=no
ac_cv_lib_m_pow=yes
ac_cv_lib_pthread_pthread_create=yes
ac_cv_objext=o
ac_cv_path_EGREP='/bin/grep -E'
ac_cv_path_FGREP='/bin/grep -F'
ac_cv_path_GREP=/bin/grep
ac_cv_path_SED=/bin/sed
ac_cv_path_install='/bin/install -c'
ac_cv_path_mkdir=/bin/mkdir
ac_cv_prog_AWK=gawk
ac_cv_prog_CPP='gcc -E'
ac_cv_prog_CXXCPP='g++ -E'
ac_cv_prog_ac_ct_AR=ar
ac_cv_prog_ac_ct_CC=gcc
ac_cv_prog_ac_ct_CXX=g++
ac_cv_prog_ac_ct_OBJDUMP=objdump
ac_cv_prog_ac_ct_RANLIB=ranlib
ac_cv_prog_ac_ct_STRIP=strip
ac_cv_prog_cc_c89=
ac_cv_prog_cc_g=yes
ac_cv_prog_cxx_g=yes
ac_cv_prog_make_make_set=yes
ac_cv_type__Bool=yes
ac_cv_type_intmax_t=yes
ac_cv_type_intptr_t=yes
ac_cv_type_long_long_int=yes
ac_cv_type_off_t=yes
ac_cv_type_pid_t=yes
ac_cv_type_size_t=yes
ac_cv_type_ssize_t=yes
ac_cv_type_uintmax_t=yes
ac_cv_type_uintptr_t=yes
ac_cv_type_unsigned_long_long_int=yes
am_cv_CC_dependencies_compiler_type=gcc3
am_cv_CXX_dependencies_compiler_type=gcc3
am_cv_make_support_nested_variables=yes
lt_cv_ar_at_file=@
lt_cv_archive_cmds_need_lc=no
lt_cv_deplibs_check_method=pass_all
lt_cv_file_magic_cmd='$MAGIC_CMD'
lt_cv_file_magic_test_file=
lt_cv_ld_reload_flag=-r
lt_cv_nm_interface='BSD nm'
lt_cv_objdir=.libs
lt_cv_path_LD=/bin/ld
lt_cv_path_LDCXX='/bin/ld -m elf_x86_64'
lt_cv_path_NM='/bin/nm -B'
lt_cv_path_mainfest_tool=no
lt_cv_prog_compiler_c_o=yes
lt_cv_prog_compiler_c_o_CXX=yes
lt_cv_prog_compiler_pic='-fPIC -DPIC'
lt_cv_prog_compiler_pic_CXX='-fPIC -DPIC'
lt_cv_prog_compiler_pic_works=yes
lt_cv_prog_compiler_pic_works_CXX=yes
lt_cv_prog_compiler_rtti_exceptions=no
lt_cv_prog_compiler_static_works=no
lt_cv_prog_compiler_static_works_CXX=no
lt_cv_prog_gnu_ld=yes
lt_cv_prog_gnu_ldcxx=yes
lt_cv_sharedlib_from_linklib_cmd='printf %s\n'
lt_cv_shlibpath_overrides_runpath=no
lt_cv_sys_global_symbol_pipe='sed -n -e '\''s/^.*[	 ]\([ABCDGIRSTW][ABCDGIRSTW]*\)[	 ][	 ]*\([_A-Za-z][_A-Za-z0-9]*\)$/\1 \2 \2/p'\'' | sed '\''/ __gnu_lto/d'\'''
lt_cv_sys_global_symbol_to_c_name_address='sed -n -e '\''s/^: \([^ ]*\)[ ]*$/  {\"\1\", (void *) 0},/p'\'' -e '\''s/^[ABCDGIRSTW]* \([^ ]*\) \([^ ]*\)$/  {"\2", (void *) \&\2},/p'\'''
lt_cv_sys_global_symbol_to_c_name_address_lib_prefix='sed -n -e '\''s/^: \([^ ]*\)[ ]*$/  {\"\1\", (void *) 0},/p'\'' -e '\''s/^[ABCDGIRSTW]* \([^ ]*\) \(lib[^ ]*\)$/  {"\2", (void *) \&\2},/p'\'' -e '\''s/^[ABCDGIRSTW]* \([^ ]*\) \([^ ]*\)$/  {"lib\2", (void *) \&\2},/p'\'''
lt_cv_sys_global_symbol_to_cdecl='sed -n -e '\''s/^T .* \(.*\)$/extern int \1();/p'\'' -e '\''s/^[ABCDGIRSTW]* .* \(.*\)$/extern char \1;/p'\'''
lt_cv_sys_max_cmd_len=1572864
lt_cv_to_host_file_cmd=func_convert_file_noop
lt_cv_to_tool_file_cmd=func_convert_file_noop

## ----------------- ##
## Output variables. ##
## ----------------- ##

ACLOCAL='${SHELL} /home/work/twemproxy/config/missing aclocal-1.13'
AMDEPBACKSLASH='\'
AMDEP_FALSE='#'
AMDEP_TRUE=''
AMTAR='$${TAR-tar}'
AM_BACKSLASH='\'
AM_DEFAULT_V='$(AM_DEFAULT_VERBOSITY)'
AM_DEFAULT_VERBOSITY='1'
AM_V='$(V)'
AR='ar'
AUTOCONF='${SHELL} /home/work/twemproxy/config/missing autoconf'
AUTOHEADER='${SHELL} /home/work/twemproxy/config/missing autoheader'
AUTOMAKE='${SHELL} /home/work/twemproxy/config/missing automake-1.13'
AWK='gawk'
CC='gcc'
CCDEPMODE='depmode=gcc3'
CFLAGS='-g -O2'
CPP='gcc -E'
CPPFLAGS=''
CXX='g++'
CXXCPP='g++ -E'
CXXDEPMODE='depmode=gcc3'
CXXFLAGS='-g -O2'
CYGPATH_W='echo'
DEFS='-DHAVE_CONFIG_H'
DEPDIR='.deps'
DLLTOOL='false'
DSYMUTIL=''
DUMPBIN=''
ECHO_C=''
ECHO_N='-n'
ECHO_T=''
EGREP='/bin/grep -E'
EXEEXT=''
FGREP='/bin/grep -F'
GREP='/bin/grep'
INSTALL_DATA='${INSTALL} -m 644'
INSTALL_PROGRAM='${INSTALL}'
INSTALL_SCRIPT='${INSTALL}'
INSTALL_STRIP_PROGRAM='$(install_sh) -c -s'
LD='/bin/ld -m elf_x86_64'
LDFLAGS=''
LIBOBJS=''
LIBS='-lpthread -lm '
LIBTOOL='$(SHELL) $(top_builddir)/libtool'
LIPO=''
LN_S='ln -s'
LTLIBOBJS=''
MAKEINFO='${SHELL} /home/work/twemproxy/config/missing makeinfo'
MANIFEST_TOOL=':'
MKDIR_P='/bin/mkdir -p'
NM='/bin/nm -B'
NMEDIT=''
OBJDUMP='objdump'
OBJEXT='o'
OS_BSD_FALSE=''
OS_BSD_TRUE='#'
OS_FREEBSD_FALSE=''
OS_FREEBSD_TRUE='#'
OS_LINUX_FALSE='#'
OS_LINUX_TRUE=''
OS_SOLARIS_FALSE=''
OS_SOLARIS_TRUE='#'
OTOOL64=''
OTOOL=''
PACKAGE='nutcracker'
PACKAGE_BUGREPORT='manj@cs.stanford.edu'
PACKAGE_NAME='nutcracker'
PACKAGE_STRING='nutcracker 0.4.1'
PACKAGE_TARNAME='nutcracker'
PACKAGE_URL=''
PACKAGE_VERSION='0.4.1'
PATH_SEPARATOR=':'
RANLIB='ranlib'
SED='/bin/sed'
SET_MAKE=''
SHELL='/bin/sh'
STRIP='strip'
VERSION='0.4.1'
ac_ct_AR='ar'
ac_ct_CC='gcc'
ac_ct_CXX='g++'
ac_ct_DUMPBIN=''
am__EXEEXT_FALSE=''
am__EXEEXT_TRUE='#'
am__fastdepCC_FALSE='#'
am__fastdepCC_TRUE=''
am__fastdepCXX_FALSE='#'
am__fastdepCXX_TRUE=''
am__include='include'
am__isrc=''
am__leading_dot='.'
am__nodep='_no'
am__quote=''
am__tar='$${TAR-tar} chof - "$$tardir"'
am__untar='$${TAR-tar} xf -'
bindir='${exec_prefix}/bin'
build='x86_64-unknown-linux-gnu'
build_alias=''
build_cpu='x86_64'
build_os='linux-gnu'
build_vendor='unknown'
datadir='${datarootdir}'
datarootdir='${prefix}/share'
docdir='${datarootdir}/doc/${PACKAGE_TARNAME}'
dvidir='${docdir}'
exec_prefix='${prefix}'
host='x86_64-unknown-linux-gnu'
host_alias=''
host_cpu='x86_64'
host_os='linux-gnu'
host_vendor='unknown'
htmldir='${docdir}'
includedir='${prefix}/include'
infodir='${datarootdir}/info'
install_sh='${SHELL} /home/work/twemproxy/config/install-sh'
libdir='${exec_prefix}/lib'
libexecdir='${exec_prefix}/libexec'
localedir='${datarootdir}/locale'
localstatedir='${prefix}/var'
mandir='${datarootdir}/man'
mkdir_p='$(MKDIR_P)'
oldincludedir='/usr/include'
pdfdir='${docdir}'
prefix='/usr/local'
program_transform_name='s,x,x,'
psdir='${docdir}'
sbindir='${exec_prefix}/sbin'
sharedstatedir='${prefix}/com'
subdirs=' contrib/yaml-0.1.4 contrib/zookeeper-3.4.6 contrib/json-c-0.12.99'
sysconfdir='${prefix}/etc'
target_alias=''

## ----------- ##
## confdefs.h. ##
## ----------- ##

/* confdefs.h */
#define PACKAGE_NAME "nutcracker"
#define PACKAGE_TARNAME "nutcracker"
#define PACKAGE_VERSION "0.4.1"
#define PACKAGE_STRING "nutcracker 0.4.1"
#define PACKAGE_BUGREPORT "manj@cs.stanford.edu"
#define PACKAGE_URL ""
#define PACKAGE "nutcracker"
#define VERSION "0.4.1"
#define NC_VERSION_MAJOR 0
#define NC_VERSION_MINOR 4
#define NC_VERSION_PATCH 1
#define NC_VERSION_STRING "0.4.1"
#define STDC_HEADERS 1
#define HAVE_SYS_TYPES_H 1
#define HAVE_SYS_STAT_H 1
#define HAVE_STDLIB_H 1
#define HAVE_STRING_H 1
#define HAVE_MEMORY_H 1
#define HAVE_STRINGS_H 1
#define HAVE_INTTYPES_H 1
#define HAVE_STDINT_H 1
#define HAVE_UNISTD_H 1
#define HAVE_DLFCN_H 1
#define LT_OBJDIR ".libs/"
#define HAVE_UNSIGNED_LONG_LONG_INT 1
#define HAVE_LONG_LONG_INT 1
#define HAVE_INTMAX_T 1
#define HAVE_INTPTR_T 1
#define HAVE_UINTMAX_T 1
#define HAVE_UINTPTR_T 1
#define HAVE_LITTLE_ENDIAN 1
#define HAVE__BOOL 1
#define HAVE_STDBOOL_H 1
#define HAVE_FCNTL_H 1
#define HAVE_FLOAT_H 1
#define HAVE_LIMITS_H 1
#define HAVE_STDDEF_H 1
#define HAVE_STDLIB_H 1
#define HAVE_STRING_H 1
#define HAVE_UNISTD_H 1
#define HAVE_INTTYPES_H 1
#define HAVE_STDINT_H 1
#define HAVE_SYS_IOCTL_H 1
#define HAVE_SYS_TIME_H 1
#define HAVE_SYS_UIO_H 1
#define HAVE_SYS_SOCKET_H 1
#define HAVE_SYS_UN_H 1
#define HAVE_NETINET_IN_H 1
#define HAVE_ARPA_INET_H 1
#define HAVE_NETDB_H 1
#define HAVE_EXECINFO_H 1
#define HAVE_BACKTRACE 1
#define HAVE_SYS_EPOLL_H 1
#define HAVE_LIBM 1
#define HAVE_LIBPTHREAD 1
#define HAVE_FORK 1
#define HAVE_VFORK 1
#define HAVE_WORKING_VFORK 1
#define HAVE_WORKING_FORK 1
#define HAVE_STDLIB_H 1
#define HAVE_MALLOC 1
#define HAVE_STDLIB_H 1
#define HAVE_REALLOC 1
#define HAVE_DUP2 1
#define HAVE_GETHOSTNAME 1
#define HAVE_GETTIMEOFDAY 1
#define HAVE_STRERROR 1
#define HAVE_SOCKET 1
#define HAVE_MEMCHR 1
#define HAVE_MEMMOVE 1
#define HAVE_MEMSET 1
#define HAVE_STRCHR 1
#define HAVE_STRNDUP 1
#define HAVE_STRTOUL 1
#define HAVE_EPOLL 1
#define HAVE_STATS 1

configure: exit 0
