This file contains any messages produced by compilers while
running configure, to aid debugging if configure makes a mistake.

It was created by zookeeper C client configure 3.4.6, which was
generated by GNU Autoconf 2.68.  Invocation command line was

  $ ./configure --disable-option-checking --prefix=/usr/local --cache-file=/dev/null --srcdir=.

## --------- ##
## Platform. ##
## --------- ##

hostname = localhost.localdomain
uname -m = x86_64
uname -r = 3.10.0-327.22.2.el7.x86_64
uname -s = Linux
uname -v = #1 SMP Thu Jun 23 17:05:11 UTC 2016

/usr/bin/uname -p = x86_64
/bin/uname -X     = unknown

/bin/arch              = x86_64
/usr/bin/arch -k       = unknown
/usr/convex/getsysinfo = unknown
/usr/bin/hostinfo      = unknown
/bin/machine           = unknown
/usr/bin/oslevel       = unknown
/bin/universe          = unknown

PATH: /home/work/odp/php/bin
PATH: /home/work/local/jdk/bin
PATH: /home/work/soft/redis-2.8.19/src/
PATH: /home/work/liuyanlei/mysql-5.5.37/bin
PATH: /home/work/local/ffmpeg_tools/bin
PATH: /home/work/local/bin
PATH: /home/work/local/gstreamer-0.10.35/bin
PATH: /home/work/local/orc-0.4.14/bin
PATH: /home/work/local/python-2.7.8/bin
PATH: /home/work/local/ffmpeg-0.8.5/bin
PATH: /home/work/local/lame-3.99/bin
PATH: /home/work/local/flac-1.2.1/bin
PATH: /home/work/local/eyeD3-0.6.17/bin
PATH: /home/work/local/rebar
PATH: /home/work/local/erlang18/bin
PATH: /home/work/baike/athena/deps/piqi/piqic-erlang/
PATH: /home/work/baike/athena/deps/piqi/priv/piqi-binary/Linux-x86_64/
PATH: /home/work/local/python-2.7.8/bin
PATH: /usr/kerberos/sbin
PATH: /usr/kerberos/bin
PATH: /usr/local/sbin
PATH: /usr/local/bin
PATH: /sbin
PATH: /bin
PATH: /usr/sbin
PATH: /usr/bin
PATH: /usr/local/mysql/bin
PATH: /sbin
PATH: /bin
PATH: /usr/sbin
PATH: /usr/bin
PATH: /home/zhangpeng/go/bin
PATH: /usr/local/bin
PATH: /usr/bin
PATH: /usr/local/sbin
PATH: /usr/sbin
PATH: /home/work/.local/bin
PATH: /home/work/bin
PATH: /home/work/local/jdk/bin


## ----------- ##
## Core tests. ##
## ----------- ##

configure:2694: checking for doxygen
configure:2727: result: no
configure:2800: checking for perl
configure:2818: found /bin/perl
configure:2830: result: /bin/perl
configure:2972: checking for dot
configure:3005: result: no
configure:4559: checking for a BSD-compatible install
configure:4627: result: /bin/install -c
configure:4638: checking whether build environment is sane
configure:4688: result: yes
configure:4829: checking for a thread-safe mkdir -p
configure:4868: result: /bin/mkdir -p
configure:4881: checking for gawk
configure:4897: found /bin/gawk
configure:4908: result: gawk
configure:4919: checking whether make sets $(MAKE)
configure:4941: result: yes
configure:5044: checking for generated/zookeeper.jute.c
configure:5057: result: yes
configure:5069: checking for generated/zookeeper.jute.h
configure:5082: result: yes
configure:5146: checking for gcc
configure:5162: found /bin/gcc
configure:5173: result: gcc
configure:5402: checking for C compiler version
configure:5411: gcc --version >&5
gcc (GCC) 4.8.5 20150623 (Red Hat 4.8.5-11)
Copyright (C) 2015 Free Software Foundation, Inc.
This is free software; see the source for copying conditions.  There is NO
warranty; not even for MERCHANTABILITY or FITNESS FOR A PARTICULAR PURPOSE.

configure:5422: $? = 0
configure:5411: gcc -v >&5
Using built-in specs.
COLLECT_GCC=gcc
COLLECT_LTO_WRAPPER=/usr/libexec/gcc/x86_64-redhat-linux/4.8.5/lto-wrapper
Target: x86_64-redhat-linux
Configured with: ../configure --prefix=/usr --mandir=/usr/share/man --infodir=/usr/share/info --with-bugurl=http://bugzilla.redhat.com/bugzilla --enable-bootstrap --enable-shared --enable-threads=posix --enable-checking=release --with-system-zlib --enable-__cxa_atexit --disable-libunwind-exceptions --enable-gnu-unique-object --enable-linker-build-id --with-linker-hash-style=gnu --enable-languages=c,c++,objc,obj-c++,java,fortran,ada,go,lto --enable-plugin --enable-initfini-array --disable-libgcj --with-isl=/builddir/build/BUILD/gcc-4.8.5-20150702/obj-x86_64-redhat-linux/isl-install --with-cloog=/builddir/build/BUILD/gcc-4.8.5-20150702/obj-x86_64-redhat-linux/cloog-install --enable-gnu-indirect-function --with-tune=generic --with-arch_32=x86-64 --build=x86_64-redhat-linux
Thread model: posix
gcc version 4.8.5 20150623 (Red Hat 4.8.5-11) (GCC) 
configure:5422: $? = 0
configure:5411: gcc -V >&5
gcc: error: unrecognized command line option '-V'
gcc: fatal error: no input files
compilation terminated.
configure:5422: $? = 4
configure:5411: gcc -qversion >&5
gcc: error: unrecognized command line option '-qversion'
gcc: fatal error: no input files
compilation terminated.
configure:5422: $? = 4
configure:5442: checking whether the C compiler works
configure:5464: gcc    conftest.c  >&5
configure:5468: $? = 0
configure:5516: result: yes
configure:5519: checking for C compiler default output file name
configure:5521: result: a.out
configure:5527: checking for suffix of executables
configure:5534: gcc -o conftest    conftest.c  >&5
configure:5538: $? = 0
configure:5560: result: 
configure:5582: checking whether we are cross compiling
configure:5590: gcc -o conftest    conftest.c  >&5
configure:5594: $? = 0
configure:5601: ./conftest
configure:5605: $? = 0
configure:5620: result: no
configure:5625: checking for suffix of object files
configure:5647: gcc -c   conftest.c >&5
configure:5651: $? = 0
configure:5672: result: o
configure:5676: checking whether we are using the GNU C compiler
configure:5695: gcc -c   conftest.c >&5
configure:5695: $? = 0
configure:5704: result: yes
configure:5713: checking whether gcc accepts -g
configure:5733: gcc -c -g  conftest.c >&5
configure:5733: $? = 0
configure:5774: result: yes
configure:5791: checking for gcc option to accept ISO C89
configure:5855: gcc  -c -g -O2  conftest.c >&5
configure:5855: $? = 0
configure:5868: result: none needed
configure:5899: checking for style of include used by make
configure:5927: result: GNU
configure:5952: checking dependency style of gcc
configure:6062: result: gcc3
configure:6078: checking whether gcc and cc understand -c and -o together
configure:6109: gcc -c conftest.c -o conftest2.o >&5
configure:6113: $? = 0
configure:6119: gcc -c conftest.c -o conftest2.o >&5
configure:6123: $? = 0
configure:6134: cc -c conftest.c >&5
configure:6138: $? = 0
configure:6146: cc -c conftest.c -o conftest2.o >&5
configure:6150: $? = 0
configure:6156: cc -c conftest.c -o conftest2.o >&5
configure:6160: $? = 0
configure:6178: result: yes
configure:6261: checking for g++
configure:6277: found /bin/g++
configure:6288: result: g++
configure:6315: checking for C++ compiler version
configure:6324: g++ --version >&5
g++ (GCC) 4.8.5 20150623 (Red Hat 4.8.5-11)
Copyright (C) 2015 Free Software Foundation, Inc.
This is free software; see the source for copying conditions.  There is NO
warranty; not even for MERCHANTABILITY or FITNESS FOR A PARTICULAR PURPOSE.

configure:6335: $? = 0
configure:6324: g++ -v >&5
Using built-in specs.
COLLECT_GCC=g++
COLLECT_LTO_WRAPPER=/usr/libexec/gcc/x86_64-redhat-linux/4.8.5/lto-wrapper
Target: x86_64-redhat-linux
Configured with: ../configure --prefix=/usr --mandir=/usr/share/man --infodir=/usr/share/info --with-bugurl=http://bugzilla.redhat.com/bugzilla --enable-bootstrap --enable-shared --enable-threads=posix --enable-checking=release --with-system-zlib --enable-__cxa_atexit --disable-libunwind-exceptions --enable-gnu-unique-object --enable-linker-build-id --with-linker-hash-style=gnu --enable-languages=c,c++,objc,obj-c++,java,fortran,ada,go,lto --enable-plugin --enable-initfini-array --disable-libgcj --with-isl=/builddir/build/BUILD/gcc-4.8.5-20150702/obj-x86_64-redhat-linux/isl-install --with-cloog=/builddir/build/BUILD/gcc-4.8.5-20150702/obj-x86_64-redhat-linux/cloog-install --enable-gnu-indirect-function --with-tune=generic --with-arch_32=x86-64 --build=x86_64-redhat-linux
Thread model: posix
gcc version 4.8.5 20150623 (Red Hat 4.8.5-11) (GCC) 
configure:6335: $? = 0
configure:6324: g++ -V >&5
g++: error: unrecognized command line option '-V'
g++: fatal error: no input files
compilation terminated.
configure:6335: $? = 4
configure:6324: g++ -qversion >&5
g++: error: unrecognized command line option '-qversion'
g++: fatal error: no input files
compilation terminated.
configure:6335: $? = 4
configure:6339: checking whether we are using the GNU C++ compiler
configure:6358: g++ -c   conftest.cpp >&5
configure:6358: $? = 0
configure:6367: result: yes
configure:6376: checking whether g++ accepts -g
configure:6396: g++ -c -g  conftest.cpp >&5
configure:6396: $? = 0
configure:6437: result: yes
configure:6462: checking dependency style of g++
configure:6572: result: gcc3
configure:6588: checking whether ln -s works
configure:6592: result: yes
configure:6630: checking build system type
configure:6644: result: x86_64-unknown-linux-gnu
configure:6664: checking host system type
configure:6677: result: x86_64-unknown-linux-gnu
configure:6697: checking for a sed that does not truncate output
configure:6761: result: /bin/sed
configure:6779: checking for grep that handles long lines and -e
configure:6837: result: /bin/grep
configure:6842: checking for egrep
configure:6904: result: /bin/grep -E
configure:6909: checking for fgrep
configure:6971: result: /bin/grep -F
configure:7006: checking for ld used by gcc
configure:7073: result: /bin/ld
configure:7080: checking if the linker (/bin/ld) is GNU ld
configure:7095: result: yes
configure:7107: checking for BSD- or MS-compatible name lister (nm)
configure:7156: result: /bin/nm -B
configure:7274: checking the name lister (/bin/nm -B) interface
configure:7281: gcc -c -g -O2  conftest.c >&5
configure:7284: /bin/nm -B "conftest.o"
configure:7287: output
0000000000000000 B some_variable
configure:7294: result: BSD nm
configure:7298: checking the maximum length of command line arguments
configure:7418: result: 1572864
configure:7435: checking whether the shell understands some XSI constructs
configure:7445: result: yes
configure:7449: checking whether the shell understands "+="
configure:7455: result: yes
configure:7490: checking for /bin/ld option to reload object files
configure:7497: result: -r
configure:7566: checking for objdump
configure:7582: found /bin/objdump
configure:7593: result: objdump
configure:7625: checking how to recognize dependent libraries
configure:7821: result: pass_all
configure:7881: checking for ar
configure:7897: found /bin/ar
configure:7908: result: ar
configure:7986: checking for strip
configure:8002: found /bin/strip
configure:8013: result: strip
configure:8085: checking for ranlib
configure:8101: found /bin/ranlib
configure:8112: result: ranlib
configure:8202: checking command to parse /bin/nm -B output from gcc object
configure:8320: gcc -c -g -O2  conftest.c >&5
configure:8323: $? = 0
configure:8327: /bin/nm -B conftest.o \| sed -n -e 's/^.*[	 ]\([ABCDGIRSTW][ABCDGIRSTW]*\)[	 ][	 ]*\([_A-Za-z][_A-Za-z0-9]*\)$/\1 \2 \2/p' \> conftest.nm
configure:8330: $? = 0
configure:8384: gcc -o conftest -g -O2   conftest.c conftstm.o >&5
configure:8387: $? = 0
configure:8425: result: ok
configure:8521: gcc -c -g -O2  conftest.c >&5
configure:8524: $? = 0
configure:9234: checking how to run the C preprocessor
configure:9265: gcc -E  conftest.c
configure:9265: $? = 0
configure:9279: gcc -E  conftest.c
conftest.c:13:28: fatal error: ac_nonexistent.h: No such file or directory
 #include <ac_nonexistent.h>
                            ^
compilation terminated.
configure:9279: $? = 1
configure: failed program was:
| /* confdefs.h */
| #define PACKAGE_NAME "zookeeper C client"
| #define PACKAGE_TARNAME "zookeeper"
| #define PACKAGE_VERSION "3.4.6"
| #define PACKAGE_STRING "zookeeper C client 3.4.6"
| #define PACKAGE_BUGREPORT "user@zookeeper.apache.org"
| #define PACKAGE_URL ""
| #define PACKAGE "zookeeper"
| #define VERSION "3.4.6"
| #define HAVE_GENERATED_ZOOKEEPER_JUTE_C 1
| #define HAVE_GENERATED_ZOOKEEPER_JUTE_H 1
| /* end confdefs.h.  */
| #include <ac_nonexistent.h>
configure:9304: result: gcc -E
configure:9324: gcc -E  conftest.c
configure:9324: $? = 0
configure:9338: gcc -E  conftest.c
conftest.c:13:28: fatal error: ac_nonexistent.h: No such file or directory
 #include <ac_nonexistent.h>
                            ^
compilation terminated.
configure:9338: $? = 1
configure: failed program was:
| /* confdefs.h */
| #define PACKAGE_NAME "zookeeper C client"
| #define PACKAGE_TARNAME "zookeeper"
| #define PACKAGE_VERSION "3.4.6"
| #define PACKAGE_STRING "zookeeper C client 3.4.6"
| #define PACKAGE_BUGREPORT "user@zookeeper.apache.org"
| #define PACKAGE_URL ""
| #define PACKAGE "zookeeper"
| #define VERSION "3.4.6"
| #define HAVE_GENERATED_ZOOKEEPER_JUTE_C 1
| #define HAVE_GENERATED_ZOOKEEPER_JUTE_H 1
| /* end confdefs.h.  */
| #include <ac_nonexistent.h>
configure:9367: checking for ANSI C header files
configure:9387: gcc -c -g -O2  conftest.c >&5
configure:9387: $? = 0
configure:9460: gcc -o conftest -g -O2   conftest.c  >&5
configure:9460: $? = 0
configure:9460: ./conftest
configure:9460: $? = 0
configure:9471: result: yes
configure:9484: checking for sys/types.h
configure:9484: gcc -c -g -O2  conftest.c >&5
configure:9484: $? = 0
configure:9484: result: yes
configure:9484: checking for sys/stat.h
configure:9484: gcc -c -g -O2  conftest.c >&5
configure:9484: $? = 0
configure:9484: result: yes
configure:9484: checking for stdlib.h
configure:9484: gcc -c -g -O2  conftest.c >&5
configure:9484: $? = 0
configure:9484: result: yes
configure:9484: checking for string.h
configure:9484: gcc -c -g -O2  conftest.c >&5
configure:9484: $? = 0
configure:9484: result: yes
configure:9484: checking for memory.h
configure:9484: gcc -c -g -O2  conftest.c >&5
configure:9484: $? = 0
configure:9484: result: yes
configure:9484: checking for strings.h
configure:9484: gcc -c -g -O2  conftest.c >&5
configure:9484: $? = 0
configure:9484: result: yes
configure:9484: checking for inttypes.h
configure:9484: gcc -c -g -O2  conftest.c >&5
configure:9484: $? = 0
configure:9484: result: yes
configure:9484: checking for stdint.h
configure:9484: gcc -c -g -O2  conftest.c >&5
configure:9484: $? = 0
configure:9484: result: yes
configure:9484: checking for unistd.h
configure:9484: gcc -c -g -O2  conftest.c >&5
configure:9484: $? = 0
configure:9484: result: yes
configure:9498: checking for dlfcn.h
configure:9498: gcc -c -g -O2  conftest.c >&5
configure:9498: $? = 0
configure:9498: result: yes
configure:9623: checking for C++ compiler version
configure:9632: g++ --version >&5
g++ (GCC) 4.8.5 20150623 (Red Hat 4.8.5-11)
Copyright (C) 2015 Free Software Foundation, Inc.
This is free software; see the source for copying conditions.  There is NO
warranty; not even for MERCHANTABILITY or FITNESS FOR A PARTICULAR PURPOSE.

configure:9643: $? = 0
configure:9632: g++ -v >&5
Using built-in specs.
COLLECT_GCC=g++
COLLECT_LTO_WRAPPER=/usr/libexec/gcc/x86_64-redhat-linux/4.8.5/lto-wrapper
Target: x86_64-redhat-linux
Configured with: ../configure --prefix=/usr --mandir=/usr/share/man --infodir=/usr/share/info --with-bugurl=http://bugzilla.redhat.com/bugzilla --enable-bootstrap --enable-shared --enable-threads=posix --enable-checking=release --with-system-zlib --enable-__cxa_atexit --disable-libunwind-exceptions --enable-gnu-unique-object --enable-linker-build-id --with-linker-hash-style=gnu --enable-languages=c,c++,objc,obj-c++,java,fortran,ada,go,lto --enable-plugin --enable-initfini-array --disable-libgcj --with-isl=/builddir/build/BUILD/gcc-4.8.5-20150702/obj-x86_64-redhat-linux/isl-install --with-cloog=/builddir/build/BUILD/gcc-4.8.5-20150702/obj-x86_64-redhat-linux/cloog-install --enable-gnu-indirect-function --with-tune=generic --with-arch_32=x86-64 --build=x86_64-redhat-linux
Thread model: posix
gcc version 4.8.5 20150623 (Red Hat 4.8.5-11) (GCC) 
configure:9643: $? = 0
configure:9632: g++ -V >&5
g++: error: unrecognized command line option '-V'
g++: fatal error: no input files
compilation terminated.
configure:9643: $? = 4
configure:9632: g++ -qversion >&5
g++: error: unrecognized command line option '-qversion'
g++: fatal error: no input files
compilation terminated.
configure:9643: $? = 4
configure:9647: checking whether we are using the GNU C++ compiler
configure:9675: result: yes
configure:9684: checking whether g++ accepts -g
configure:9745: result: yes
configure:9770: checking dependency style of g++
configure:9880: result: gcc3
configure:9903: checking how to run the C++ preprocessor
configure:9930: g++ -E  conftest.cpp
configure:9930: $? = 0
configure:9944: g++ -E  conftest.cpp
conftest.cpp:24:28: fatal error: ac_nonexistent.h: No such file or directory
 #include <ac_nonexistent.h>
                            ^
compilation terminated.
configure:9944: $? = 1
configure: failed program was:
| /* confdefs.h */
| #define PACKAGE_NAME "zookeeper C client"
| #define PACKAGE_TARNAME "zookeeper"
| #define PACKAGE_VERSION "3.4.6"
| #define PACKAGE_STRING "zookeeper C client 3.4.6"
| #define PACKAGE_BUGREPORT "user@zookeeper.apache.org"
| #define PACKAGE_URL ""
| #define PACKAGE "zookeeper"
| #define VERSION "3.4.6"
| #define HAVE_GENERATED_ZOOKEEPER_JUTE_C 1
| #define HAVE_GENERATED_ZOOKEEPER_JUTE_H 1
| #define STDC_HEADERS 1
| #define HAVE_SYS_TYPES_H 1
| #define HAVE_SYS_STAT_H 1
| #define HAVE_STDLIB_H 1
| #define HAVE_STRING_H 1
| #define HAVE_MEMORY_H 1
| #define HAVE_STRINGS_H 1
| #define HAVE_INTTYPES_H 1
| #define HAVE_STDINT_H 1
| #define HAVE_UNISTD_H 1
| #define HAVE_DLFCN_H 1
| /* end confdefs.h.  */
| #include <ac_nonexistent.h>
configure:9969: result: g++ -E
configure:9989: g++ -E  conftest.cpp
configure:9989: $? = 0
configure:10003: g++ -E  conftest.cpp
conftest.cpp:24:28: fatal error: ac_nonexistent.h: No such file or directory
 #include <ac_nonexistent.h>
                            ^
compilation terminated.
configure:10003: $? = 1
configure: failed program was:
| /* confdefs.h */
| #define PACKAGE_NAME "zookeeper C client"
| #define PACKAGE_TARNAME "zookeeper"
| #define PACKAGE_VERSION "3.4.6"
| #define PACKAGE_STRING "zookeeper C client 3.4.6"
| #define PACKAGE_BUGREPORT "user@zookeeper.apache.org"
| #define PACKAGE_URL ""
| #define PACKAGE "zookeeper"
| #define VERSION "3.4.6"
| #define HAVE_GENERATED_ZOOKEEPER_JUTE_C 1
| #define HAVE_GENERATED_ZOOKEEPER_JUTE_H 1
| #define STDC_HEADERS 1
| #define HAVE_SYS_TYPES_H 1
| #define HAVE_SYS_STAT_H 1
| #define HAVE_STDLIB_H 1
| #define HAVE_STRING_H 1
| #define HAVE_MEMORY_H 1
| #define HAVE_STRINGS_H 1
| #define HAVE_INTTYPES_H 1
| #define HAVE_STDINT_H 1
| #define HAVE_UNISTD_H 1
| #define HAVE_DLFCN_H 1
| /* end confdefs.h.  */
| #include <ac_nonexistent.h>
configure:10209: checking for objdir
configure:10224: result: .libs
configure:10516: checking if gcc supports -fno-rtti -fno-exceptions
configure:10534: gcc -c -g -O2  -fno-rtti -fno-exceptions conftest.c >&5
cc1: warning: command line option '-fno-rtti' is valid for C++/ObjC++ but not for C [enabled by default]
configure:10538: $? = 0
configure:10551: result: no
configure:10571: checking for gcc option to produce PIC
configure:10843: result: -fPIC -DPIC
configure:10855: checking if gcc PIC flag -fPIC -DPIC works
configure:10873: gcc -c -g -O2  -fPIC -DPIC -DPIC conftest.c >&5
configure:10877: $? = 0
configure:10890: result: yes
configure:10914: checking if gcc static flag -static works
configure:10942: result: no
configure:10957: checking if gcc supports -c -o file.o
configure:10978: gcc -c -g -O2  -o out/conftest2.o conftest.c >&5
configure:10982: $? = 0
configure:11004: result: yes
configure:11012: checking if gcc supports -c -o file.o
configure:11059: result: yes
configure:11092: checking whether the gcc linker (/bin/ld -m elf_x86_64) supports shared libraries
configure:12078: result: yes
configure:12115: checking whether -lc should be explicitly linked in
configure:12120: gcc -c -g -O2  conftest.c >&5
configure:12123: $? = 0
configure:12138: gcc -shared conftest.o  -v -Wl,-soname -Wl,conftest -o conftest 2\>\&1 \| /bin/grep  -lc  \>/dev/null 2\>\&1
configure:12141: $? = 0
configure:12153: result: no
configure:12317: checking dynamic linker characteristics
configure:12750: gcc -o conftest -g -O2   -Wl,-rpath -Wl,/foo conftest.c  >&5
configure:12750: $? = 0
configure:12971: result: GNU/Linux ld.so
configure:13073: checking how to hardcode library paths into programs
configure:13098: result: immediate
configure:13618: checking whether stripping libraries is possible
configure:13623: result: yes
configure:13658: checking if libtool supports shared libraries
configure:13660: result: yes
configure:13663: checking whether to build shared libraries
configure:13684: result: yes
configure:13687: checking whether to build static libraries
configure:13691: result: yes
configure:13841: checking for ld used by g++
configure:13908: result: /bin/ld -m elf_x86_64
configure:13915: checking if the linker (/bin/ld -m elf_x86_64) is GNU ld
configure:13930: result: yes
configure:13985: checking whether the g++ linker (/bin/ld -m elf_x86_64) supports shared libraries
configure:14898: result: yes
configure:14926: g++ -c -g -O2  conftest.cpp >&5
configure:14929: $? = 0
configure:15111: checking for g++ option to produce PIC
configure:15428: result: -fPIC -DPIC
configure:15437: checking if g++ PIC flag -fPIC -DPIC works
configure:15455: g++ -c -g -O2  -fPIC -DPIC -DPIC conftest.cpp >&5
configure:15459: $? = 0
configure:15472: result: yes
configure:15493: checking if g++ static flag -static works
configure:15521: result: no
configure:15533: checking if g++ supports -c -o file.o
configure:15554: g++ -c -g -O2  -o out/conftest2.o conftest.cpp >&5
configure:15558: $? = 0
configure:15580: result: yes
configure:15585: checking if g++ supports -c -o file.o
configure:15632: result: yes
configure:15662: checking whether the g++ linker (/bin/ld -m elf_x86_64) supports shared libraries
configure:15688: result: yes
configure:15825: checking dynamic linker characteristics
configure:16206: g++ -o conftest -g -O2   -Wl,-rpath -Wl,/foo conftest.cpp  >&5
configure:16206: $? = 0
configure:16427: result: GNU/Linux ld.so
configure:16478: checking how to hardcode library paths into programs
configure:16503: result: immediate
configure:16606: checking for pthread_mutex_lock in -lpthread
configure:16631: gcc -o conftest -g -O2 -D_GNU_SOURCE   conftest.c -lpthread   >&5
configure:16631: $? = 0
configure:16640: result: yes
configure:16655: building with SyncAPI support
configure:16672: checking for ANSI C header files
configure:16776: result: yes
configure:16787: checking arpa/inet.h usability
configure:16787: gcc -c -g -O2 -D_GNU_SOURCE  conftest.c >&5
configure:16787: $? = 0
configure:16787: result: yes
configure:16787: checking arpa/inet.h presence
configure:16787: gcc -E  conftest.c
configure:16787: $? = 0
configure:16787: result: yes
configure:16787: checking for arpa/inet.h
configure:16787: result: yes
configure:16787: checking fcntl.h usability
configure:16787: gcc -c -g -O2 -D_GNU_SOURCE  conftest.c >&5
configure:16787: $? = 0
configure:16787: result: yes
configure:16787: checking fcntl.h presence
configure:16787: gcc -E  conftest.c
configure:16787: $? = 0
configure:16787: result: yes
configure:16787: checking for fcntl.h
configure:16787: result: yes
configure:16787: checking netdb.h usability
configure:16787: gcc -c -g -O2 -D_GNU_SOURCE  conftest.c >&5
configure:16787: $? = 0
configure:16787: result: yes
configure:16787: checking netdb.h presence
configure:16787: gcc -E  conftest.c
configure:16787: $? = 0
configure:16787: result: yes
configure:16787: checking for netdb.h
configure:16787: result: yes
configure:16787: checking netinet/in.h usability
configure:16787: gcc -c -g -O2 -D_GNU_SOURCE  conftest.c >&5
configure:16787: $? = 0
configure:16787: result: yes
configure:16787: checking netinet/in.h presence
configure:16787: gcc -E  conftest.c
configure:16787: $? = 0
configure:16787: result: yes
configure:16787: checking for netinet/in.h
configure:16787: result: yes
configure:16787: checking for stdlib.h
configure:16787: result: yes
configure:16787: checking for string.h
configure:16787: result: yes
configure:16787: checking sys/socket.h usability
configure:16787: gcc -c -g -O2 -D_GNU_SOURCE  conftest.c >&5
configure:16787: $? = 0
configure:16787: result: yes
configure:16787: checking sys/socket.h presence
configure:16787: gcc -E  conftest.c
configure:16787: $? = 0
configure:16787: result: yes
configure:16787: checking for sys/socket.h
configure:16787: result: yes
configure:16787: checking sys/time.h usability
configure:16787: gcc -c -g -O2 -D_GNU_SOURCE  conftest.c >&5
configure:16787: $? = 0
configure:16787: result: yes
configure:16787: checking sys/time.h presence
configure:16787: gcc -E  conftest.c
configure:16787: $? = 0
configure:16787: result: yes
configure:16787: checking for sys/time.h
configure:16787: result: yes
configure:16787: checking for unistd.h
configure:16787: result: yes
configure:16787: checking sys/utsname.h usability
configure:16787: gcc -c -g -O2 -D_GNU_SOURCE  conftest.c >&5
configure:16787: $? = 0
configure:16787: result: yes
configure:16787: checking sys/utsname.h presence
configure:16787: gcc -E  conftest.c
configure:16787: $? = 0
configure:16787: result: yes
configure:16787: checking for sys/utsname.h
configure:16787: result: yes
configure:16799: checking for an ANSI C-conforming const
configure:16864: gcc -c -g -O2 -D_GNU_SOURCE  conftest.c >&5
configure:16864: $? = 0
configure:16871: result: yes
configure:16879: checking for inline
configure:16895: gcc -c -g -O2 -D_GNU_SOURCE  conftest.c >&5
configure:16895: $? = 0
configure:16903: result: inline
configure:16921: checking whether time.h and sys/time.h may both be included
configure:16941: gcc -c -g -O2 -D_GNU_SOURCE  conftest.c >&5
configure:16941: $? = 0
configure:16948: result: yes
configure:16956: checking for nfds_t
configure:16956: gcc -c -g -O2 -D_GNU_SOURCE  conftest.c >&5
configure:16956: $? = 0
configure:16956: gcc -c -g -O2 -D_GNU_SOURCE  conftest.c >&5
conftest.c: In function 'main':
conftest.c:42:21: error: expected expression before ')' token
 if (sizeof ((nfds_t)))
                     ^
configure:16956: $? = 1
configure: failed program was:
| /* confdefs.h */
| #define PACKAGE_NAME "zookeeper C client"
| #define PACKAGE_TARNAME "zookeeper"
| #define PACKAGE_VERSION "3.4.6"
| #define PACKAGE_STRING "zookeeper C client 3.4.6"
| #define PACKAGE_BUGREPORT "user@zookeeper.apache.org"
| #define PACKAGE_URL ""
| #define PACKAGE "zookeeper"
| #define VERSION "3.4.6"
| #define HAVE_GENERATED_ZOOKEEPER_JUTE_C 1
| #define HAVE_GENERATED_ZOOKEEPER_JUTE_H 1
| #define STDC_HEADERS 1
| #define HAVE_SYS_TYPES_H 1
| #define HAVE_SYS_STAT_H 1
| #define HAVE_STDLIB_H 1
| #define HAVE_STRING_H 1
| #define HAVE_MEMORY_H 1
| #define HAVE_STRINGS_H 1
| #define HAVE_INTTYPES_H 1
| #define HAVE_STDINT_H 1
| #define HAVE_UNISTD_H 1
| #define HAVE_DLFCN_H 1
| #define LT_OBJDIR ".libs/"
| #define STDC_HEADERS 1
| #define HAVE_ARPA_INET_H 1
| #define HAVE_FCNTL_H 1
| #define HAVE_NETDB_H 1
| #define HAVE_NETINET_IN_H 1
| #define HAVE_STDLIB_H 1
| #define HAVE_STRING_H 1
| #define HAVE_SYS_SOCKET_H 1
| #define HAVE_SYS_TIME_H 1
| #define HAVE_UNISTD_H 1
| #define HAVE_SYS_UTSNAME_H 1
| #define TIME_WITH_SYS_TIME 1
| /* end confdefs.h.  */
| #include <poll.h>
| 
| int
| main ()
| {
| if (sizeof ((nfds_t)))
| 	    return 0;
|   ;
|   return 0;
| }
configure:16956: result: yes
configure:16969: checking whether to enable ipv6
configure:16991: gcc -o conftest -g -O2 -D_GNU_SOURCE   conftest.c  >&5
conftest.c: In function 'main':
conftest.c:44:4: warning: incompatible implicit declaration of built-in function 'exit' [enabled by default]
    exit(1);
    ^
configure:16991: $? = 0
configure:16991: ./conftest
configure:16991: $? = 0
configure:16992: result: yes
configure:17014: checking for getcwd
configure:17014: gcc -o conftest -g -O2 -D_GNU_SOURCE   conftest.c  >&5
configure:17014: $? = 0
configure:17014: result: yes
configure:17014: checking for gethostbyname
configure:17014: gcc -o conftest -g -O2 -D_GNU_SOURCE   conftest.c  >&5
configure:17014: $? = 0
configure:17014: result: yes
configure:17014: checking for gethostname
configure:17014: gcc -o conftest -g -O2 -D_GNU_SOURCE   conftest.c  >&5
configure:17014: $? = 0
configure:17014: result: yes
configure:17014: checking for getlogin
configure:17014: gcc -o conftest -g -O2 -D_GNU_SOURCE   conftest.c  >&5
configure:17014: $? = 0
configure:17014: result: yes
configure:17014: checking for getpwuid_r
configure:17014: gcc -o conftest -g -O2 -D_GNU_SOURCE   conftest.c  >&5
configure:17014: $? = 0
configure:17014: result: yes
configure:17014: checking for gettimeofday
configure:17014: gcc -o conftest -g -O2 -D_GNU_SOURCE   conftest.c  >&5
configure:17014: $? = 0
configure:17014: result: yes
configure:17014: checking for getuid
configure:17014: gcc -o conftest -g -O2 -D_GNU_SOURCE   conftest.c  >&5
configure:17014: $? = 0
configure:17014: result: yes
configure:17014: checking for memmove
configure:17014: gcc -o conftest -g -O2 -D_GNU_SOURCE   conftest.c  >&5
conftest.c:68:6: warning: conflicting types for built-in function 'memmove' [enabled by default]
 char memmove ();
      ^
configure:17014: $? = 0
configure:17014: result: yes
configure:17014: checking for memset
configure:17014: gcc -o conftest -g -O2 -D_GNU_SOURCE   conftest.c  >&5
conftest.c:69:6: warning: conflicting types for built-in function 'memset' [enabled by default]
 char memset ();
      ^
configure:17014: $? = 0
configure:17014: result: yes
configure:17014: checking for poll
configure:17014: gcc -o conftest -g -O2 -D_GNU_SOURCE   conftest.c  >&5
configure:17014: $? = 0
configure:17014: result: yes
configure:17014: checking for socket
configure:17014: gcc -o conftest -g -O2 -D_GNU_SOURCE   conftest.c  >&5
configure:17014: $? = 0
configure:17014: result: yes
configure:17014: checking for strchr
configure:17014: gcc -o conftest -g -O2 -D_GNU_SOURCE   conftest.c  >&5
conftest.c:72:6: warning: conflicting types for built-in function 'strchr' [enabled by default]
 char strchr ();
      ^
configure:17014: $? = 0
configure:17014: result: yes
configure:17014: checking for strdup
configure:17014: gcc -o conftest -g -O2 -D_GNU_SOURCE   conftest.c  >&5
conftest.c:73:6: warning: conflicting types for built-in function 'strdup' [enabled by default]
 char strdup ();
      ^
configure:17014: $? = 0
configure:17014: result: yes
configure:17014: checking for strerror
configure:17014: gcc -o conftest -g -O2 -D_GNU_SOURCE   conftest.c  >&5
configure:17014: $? = 0
configure:17014: result: yes
configure:17014: checking for strtol
configure:17014: gcc -o conftest -g -O2 -D_GNU_SOURCE   conftest.c  >&5
configure:17014: $? = 0
configure:17014: result: yes
configure:17256: creating ./config.status

## ---------------------- ##
## Running config.status. ##
## ---------------------- ##

This file was extended by zookeeper C client config.status 3.4.6, which was
generated by GNU Autoconf 2.68.  Invocation command line was

  CONFIG_FILES    = 
  CONFIG_HEADERS  = 
  CONFIG_LINKS    = 
  CONFIG_COMMANDS = 
  $ ./config.status 

on localhost.localdomain

config.status:1214: creating Makefile
config.status:1214: creating config.h
config.status:1395: config.h is unchanged
config.status:1443: executing depfiles commands
config.status:1443: executing libtool commands

## ---------------- ##
## Cache variables. ##
## ---------------- ##

ac_cv_build=x86_64-unknown-linux-gnu
ac_cv_c_compiler_gnu=yes
ac_cv_c_const=yes
ac_cv_c_inline=inline
ac_cv_cxx_compiler_gnu=yes
ac_cv_env_CCC_set=
ac_cv_env_CCC_value=
ac_cv_env_CC_set=
ac_cv_env_CC_value=
ac_cv_env_CFLAGS_set=
ac_cv_env_CFLAGS_value=
ac_cv_env_CPPFLAGS_set=
ac_cv_env_CPPFLAGS_value=
ac_cv_env_CPP_set=
ac_cv_env_CPP_value=
ac_cv_env_CXXCPP_set=
ac_cv_env_CXXCPP_value=
ac_cv_env_CXXFLAGS_set=
ac_cv_env_CXXFLAGS_value=
ac_cv_env_CXX_set=
ac_cv_env_CXX_value=
ac_cv_env_DOXYGEN_PAPER_SIZE_set=
ac_cv_env_DOXYGEN_PAPER_SIZE_value=
ac_cv_env_LDFLAGS_set=
ac_cv_env_LDFLAGS_value=
ac_cv_env_LIBS_set=
ac_cv_env_LIBS_value=
ac_cv_env_build_alias_set=
ac_cv_env_build_alias_value=
ac_cv_env_host_alias_set=
ac_cv_env_host_alias_value=
ac_cv_env_target_alias_set=
ac_cv_env_target_alias_value=
ac_cv_file_generated_zookeeper_jute_c=yes
ac_cv_file_generated_zookeeper_jute_h=yes
ac_cv_func_getcwd=yes
ac_cv_func_gethostbyname=yes
ac_cv_func_gethostname=yes
ac_cv_func_getlogin=yes
ac_cv_func_getpwuid_r=yes
ac_cv_func_gettimeofday=yes
ac_cv_func_getuid=yes
ac_cv_func_memmove=yes
ac_cv_func_memset=yes
ac_cv_func_poll=yes
ac_cv_func_socket=yes
ac_cv_func_strchr=yes
ac_cv_func_strdup=yes
ac_cv_func_strerror=yes
ac_cv_func_strtol=yes
ac_cv_header_arpa_inet_h=yes
ac_cv_header_dlfcn_h=yes
ac_cv_header_fcntl_h=yes
ac_cv_header_inttypes_h=yes
ac_cv_header_memory_h=yes
ac_cv_header_netdb_h=yes
ac_cv_header_netinet_in_h=yes
ac_cv_header_stdc=yes
ac_cv_header_stdint_h=yes
ac_cv_header_stdlib_h=yes
ac_cv_header_string_h=yes
ac_cv_header_strings_h=yes
ac_cv_header_sys_socket_h=yes
ac_cv_header_sys_stat_h=yes
ac_cv_header_sys_time_h=yes
ac_cv_header_sys_types_h=yes
ac_cv_header_sys_utsname_h=yes
ac_cv_header_time=yes
ac_cv_header_unistd_h=yes
ac_cv_host=x86_64-unknown-linux-gnu
ac_cv_lib_pthread_pthread_mutex_lock=yes
ac_cv_objext=o
ac_cv_path_EGREP='/bin/grep -E'
ac_cv_path_FGREP='/bin/grep -F'
ac_cv_path_GREP=/bin/grep
ac_cv_path_SED=/bin/sed
ac_cv_path_ac_pt_DX_PERL=/bin/perl
ac_cv_path_install='/bin/install -c'
ac_cv_path_mkdir=/bin/mkdir
ac_cv_prog_AWK=gawk
ac_cv_prog_CPP='gcc -E'
ac_cv_prog_CXXCPP='g++ -E'
ac_cv_prog_ac_ct_AR=ar
ac_cv_prog_ac_ct_CC=gcc
ac_cv_prog_ac_ct_CXX=g++
ac_cv_prog_ac_ct_OBJDUMP=objdump
ac_cv_prog_ac_ct_RANLIB=ranlib
ac_cv_prog_ac_ct_STRIP=strip
ac_cv_prog_cc_c89=
ac_cv_prog_cc_g=yes
ac_cv_prog_cc_gcc_c_o=yes
ac_cv_prog_cxx_g=yes
ac_cv_prog_make_make_set=yes
ac_cv_type_nfds_t=yes
am_cv_CC_dependencies_compiler_type=gcc3
am_cv_CXX_dependencies_compiler_type=gcc3
lt_cv_deplibs_check_method=pass_all
lt_cv_file_magic_cmd='$MAGIC_CMD'
lt_cv_file_magic_test_file=
lt_cv_ld_reload_flag=-r
lt_cv_nm_interface='BSD nm'
lt_cv_objdir=.libs
lt_cv_path_LD=/bin/ld
lt_cv_path_LDCXX='/bin/ld -m elf_x86_64'
lt_cv_path_NM='/bin/nm -B'
lt_cv_prog_compiler_c_o=yes
lt_cv_prog_compiler_c_o_CXX=yes
lt_cv_prog_compiler_pic_works=yes
lt_cv_prog_compiler_pic_works_CXX=yes
lt_cv_prog_compiler_rtti_exceptions=no
lt_cv_prog_compiler_static_works=no
lt_cv_prog_compiler_static_works_CXX=no
lt_cv_prog_gnu_ld=yes
lt_cv_prog_gnu_ldcxx=yes
lt_cv_sys_global_symbol_pipe='sed -n -e '\''s/^.*[	 ]\([ABCDGIRSTW][ABCDGIRSTW]*\)[	 ][	 ]*\([_A-Za-z][_A-Za-z0-9]*\)$/\1 \2 \2/p'\'''
lt_cv_sys_global_symbol_to_c_name_address='sed -n -e '\''s/^: \([^ ]*\) $/  {\"\1\", (void *) 0},/p'\'' -e '\''s/^[ABCDGIRSTW]* \([^ ]*\) \([^ ]*\)$/  {"\2", (void *) \&\2},/p'\'''
lt_cv_sys_global_symbol_to_c_name_address_lib_prefix='sed -n -e '\''s/^: \([^ ]*\) $/  {\"\1\", (void *) 0},/p'\'' -e '\''s/^[ABCDGIRSTW]* \([^ ]*\) \(lib[^ ]*\)$/  {"\2", (void *) \&\2},/p'\'' -e '\''s/^[ABCDGIRSTW]* \([^ ]*\) \([^ ]*\)$/  {"lib\2", (void *) \&\2},/p'\'''
lt_cv_sys_global_symbol_to_cdecl='sed -n -e '\''s/^T .* \(.*\)$/extern int \1();/p'\'' -e '\''s/^[ABCDGIRSTW]* .* \(.*\)$/extern char \1;/p'\'''
lt_cv_sys_max_cmd_len=1572864

## ----------------- ##
## Output variables. ##
## ----------------- ##

ACLOCAL='${SHELL} /home/work/twemproxy/contrib/zookeeper-3.4.6/missing --run aclocal-1.11'
AMDEPBACKSLASH='\'
AMDEP_FALSE='#'
AMDEP_TRUE=''
AMTAR='${SHELL} /home/work/twemproxy/contrib/zookeeper-3.4.6/missing --run tar'
AR='ar'
AUTOCONF='${SHELL} /home/work/twemproxy/contrib/zookeeper-3.4.6/missing --run autoconf'
AUTOHEADER='${SHELL} /home/work/twemproxy/contrib/zookeeper-3.4.6/missing --run autoheader'
AUTOMAKE='${SHELL} /home/work/twemproxy/contrib/zookeeper-3.4.6/missing --run automake-1.11'
AWK='gawk'
CC='gcc'
CCDEPMODE='depmode=gcc3'
CFLAGS='-g -O2 -D_GNU_SOURCE'
CPP='gcc -E'
CPPFLAGS=''
CPPUNIT_CFLAGS=' -DZKSERVER_CMD="\"./tests/zkServer.sh\""'
CXX='g++'
CXXCPP='g++ -E'
CXXDEPMODE='depmode=gcc3'
CXXFLAGS='-g -O2'
CYGPATH_W='echo'
DEFS='-DHAVE_CONFIG_H'
DEPDIR='.deps'
DOXYGEN_PAPER_SIZE=''
DSYMUTIL=''
DUMPBIN=''
DX_COND_chi_FALSE=''
DX_COND_chi_TRUE='#'
DX_COND_chm_FALSE=''
DX_COND_chm_TRUE='#'
DX_COND_doc_FALSE='#'
DX_COND_doc_TRUE=''
DX_COND_dot_FALSE='#'
DX_COND_dot_TRUE=''
DX_COND_html_FALSE='#'
DX_COND_html_TRUE=''
DX_COND_latex_FALSE=''
DX_COND_latex_TRUE='#'
DX_COND_man_FALSE=''
DX_COND_man_TRUE='#'
DX_COND_pdf_FALSE=''
DX_COND_pdf_TRUE='#'
DX_COND_ps_FALSE=''
DX_COND_ps_TRUE='#'
DX_COND_rtf_FALSE=''
DX_COND_rtf_TRUE='#'
DX_COND_xml_FALSE=''
DX_COND_xml_TRUE='#'
DX_CONFIG='c-doc.Doxyfile'
DX_DOCDIR='docs'
DX_DOT=''
DX_DOXYGEN=''
DX_DVIPS=''
DX_EGREP=''
DX_ENV=' SRCDIR='\''.'\'' PROJECT='\''zookeeper'\'' DOCDIR='\''docs'\'' VERSION='\''3.4.6'\'' PERL_PATH='\''/bin/perl'\'' HAVE_DOT='\''YES'\'' DOT_PATH='\''.'\'' GENERATE_MAN='\''NO'\'' GENERATE_RTF='\''NO'\'' GENERATE_XML='\''NO'\'' GENERATE_HTMLHELP='\''NO'\'' GENERATE_CHI='\''NO'\'' GENERATE_HTML='\''YES'\'' GENERATE_LATEX='\''NO'\'''
DX_FLAG_chi='0'
DX_FLAG_chm='0'
DX_FLAG_doc='1'
DX_FLAG_dot='1'
DX_FLAG_html='1'
DX_FLAG_man='0'
DX_FLAG_pdf='0'
DX_FLAG_ps='0'
DX_FLAG_rtf='0'
DX_FLAG_xml='0'
DX_HHC=''
DX_LATEX=''
DX_MAKEINDEX=''
DX_PDFLATEX=''
DX_PERL='/bin/perl'
DX_PROJECT='zookeeper'
ECHO_C=''
ECHO_N='-n'
ECHO_T=''
EGREP='/bin/grep -E'
EXEEXT=''
FGREP='/bin/grep -F'
GREP='/bin/grep'
INSTALL_DATA='${INSTALL} -m 644'
INSTALL_PROGRAM='${INSTALL}'
INSTALL_SCRIPT='${INSTALL}'
INSTALL_STRIP_PROGRAM='$(install_sh) -c -s'
LD='/bin/ld -m elf_x86_64'
LDFLAGS=''
LIBOBJS=''
LIBS=''
LIBTOOL='$(SHELL) $(top_builddir)/libtool'
LIPO=''
LN_S='ln -s'
LTLIBOBJS=''
MAKEINFO='${SHELL} /home/work/twemproxy/contrib/zookeeper-3.4.6/missing --run makeinfo'
MKDIR_P='/bin/mkdir -p'
NM='/bin/nm -B'
NMEDIT=''
OBJDUMP='objdump'
OBJEXT='o'
OTOOL64=''
OTOOL=''
PACKAGE='zookeeper'
PACKAGE_BUGREPORT='user@zookeeper.apache.org'
PACKAGE_NAME='zookeeper C client'
PACKAGE_STRING='zookeeper C client 3.4.6'
PACKAGE_TARNAME='zookeeper'
PACKAGE_URL=''
PACKAGE_VERSION='3.4.6'
PATH_SEPARATOR=':'
RANLIB='ranlib'
SED='/bin/sed'
SET_MAKE=''
SHELL='/bin/sh'
STRIP='strip'
USEIPV6='-DZOO_IPV6_ENABLED'
VERSION='3.4.6'
WANT_SYNCAPI_FALSE='#'
WANT_SYNCAPI_TRUE=''
ac_ct_CC='gcc'
ac_ct_CXX='g++'
ac_ct_DUMPBIN=''
am__EXEEXT_FALSE=''
am__EXEEXT_TRUE='#'
am__fastdepCC_FALSE='#'
am__fastdepCC_TRUE=''
am__fastdepCXX_FALSE='#'
am__fastdepCXX_TRUE=''
am__include='include'
am__isrc=''
am__leading_dot='.'
am__quote=''
am__tar='${AMTAR} chof - "$$tardir"'
am__untar='${AMTAR} xf -'
bindir='${exec_prefix}/bin'
build='x86_64-unknown-linux-gnu'
build_alias=''
build_cpu='x86_64'
build_os='linux-gnu'
build_vendor='unknown'
datadir='${datarootdir}'
datarootdir='${prefix}/share'
docdir='${datarootdir}/doc/${PACKAGE_TARNAME}'
dvidir='${docdir}'
exec_prefix='${prefix}'
host='x86_64-unknown-linux-gnu'
host_alias=''
host_cpu='x86_64'
host_os='linux-gnu'
host_vendor='unknown'
htmldir='${docdir}'
includedir='${prefix}/include'
infodir='${datarootdir}/info'
install_sh='${SHELL} /home/work/twemproxy/contrib/zookeeper-3.4.6/install-sh'
libdir='${exec_prefix}/lib'
libexecdir='${exec_prefix}/libexec'
localedir='${datarootdir}/locale'
localstatedir='${prefix}/var'
lt_ECHO='echo'
mandir='${datarootdir}/man'
mkdir_p='/bin/mkdir -p'
oldincludedir='/usr/include'
pdfdir='${docdir}'
prefix='/usr/local'
program_transform_name='s,x,x,'
psdir='${docdir}'
sbindir='${exec_prefix}/sbin'
sharedstatedir='${prefix}/com'
sysconfdir='${prefix}/etc'
target_alias=''

## ----------- ##
## confdefs.h. ##
## ----------- ##

/* confdefs.h */
#define PACKAGE_NAME "zookeeper C client"
#define PACKAGE_TARNAME "zookeeper"
#define PACKAGE_VERSION "3.4.6"
#define PACKAGE_STRING "zookeeper C client 3.4.6"
#define PACKAGE_BUGREPORT "user@zookeeper.apache.org"
#define PACKAGE_URL ""
#define PACKAGE "zookeeper"
#define VERSION "3.4.6"
#define HAVE_GENERATED_ZOOKEEPER_JUTE_C 1
#define HAVE_GENERATED_ZOOKEEPER_JUTE_H 1
#define STDC_HEADERS 1
#define HAVE_SYS_TYPES_H 1
#define HAVE_SYS_STAT_H 1
#define HAVE_STDLIB_H 1
#define HAVE_STRING_H 1
#define HAVE_MEMORY_H 1
#define HAVE_STRINGS_H 1
#define HAVE_INTTYPES_H 1
#define HAVE_STDINT_H 1
#define HAVE_UNISTD_H 1
#define HAVE_DLFCN_H 1
#define LT_OBJDIR ".libs/"
#define STDC_HEADERS 1
#define HAVE_ARPA_INET_H 1
#define HAVE_FCNTL_H 1
#define HAVE_NETDB_H 1
#define HAVE_NETINET_IN_H 1
#define HAVE_STDLIB_H 1
#define HAVE_STRING_H 1
#define HAVE_SYS_SOCKET_H 1
#define HAVE_SYS_TIME_H 1
#define HAVE_UNISTD_H 1
#define HAVE_SYS_UTSNAME_H 1
#define TIME_WITH_SYS_TIME 1
#define POLL_NFDS_TYPE nfds_t
#define HAVE_GETCWD 1
#define HAVE_GETHOSTBYNAME 1
#define HAVE_GETHOSTNAME 1
#define HAVE_GETLOGIN 1
#define HAVE_GETPWUID_R 1
#define HAVE_GETTIMEOFDAY 1
#define HAVE_GETUID 1
#define HAVE_MEMMOVE 1
#define HAVE_MEMSET 1
#define HAVE_POLL 1
#define HAVE_SOCKET 1
#define HAVE_STRCHR 1
#define HAVE_STRDUP 1
#define HAVE_STRERROR 1
#define HAVE_STRTOL 1

configure: exit 0
